This is pdfTeX, Version 3.14159265-2.6-1.40.20 (MiKTeX 2.9.7250 64-bit) (preloaded format=pdflatex 2020.2.7)  28 FEB 2020 10:00
entering extended mode
**./PrincipalTFG.tex
(PrincipalTFG.tex
LaTeX2e <2019-10-01> patch level 3
("C:\Users\RubenMa\AppData\Local\Programs\MiKTeX 2.9\tex/latex/base\book.cls"
Document Class: book 2019/10/25 v1.4k Standard LaTeX document class
("C:\Users\RubenMa\AppData\Local\Programs\MiKTeX 2.9\tex/latex/base\bk11.clo"
File: bk11.clo 2019/10/25 v1.4k Standard LaTeX file (size option)
)
\c@part=\count80
\c@chapter=\count81
\c@section=\count82
\c@subsection=\count83
\c@subsubsection=\count84
\c@paragraph=\count85
\c@subparagraph=\count86
\c@figure=\count87
\c@table=\count88
\abovecaptionskip=\skip41
\belowcaptionskip=\skip42
\bibindent=\dimen102
)
("C:\Users\RubenMa\AppData\Local\Programs\MiKTeX 2.9\tex/latex/oberdiek\inputen
x.sty"
Package: inputenx 2016/05/16 v1.11 Enhanced input encoding handling (HO)

("C:\Users\RubenMa\AppData\Local\Programs\MiKTeX 2.9\tex/latex/oberdiek\ix-alia
s.def"
File: ix-alias.def 2016/05/16 v1.11 Alias list (inputenx)
)
Package inputenx Info: Encoding name: utf8
(inputenx)             Encoding file: utf8.def
(inputenx)              on input line 174.

("C:\Users\RubenMa\AppData\Local\Programs\MiKTeX 2.9\tex/latex/base\inputenc.st
y"
Package: inputenc 2018/08/11 v1.3c Input encoding file
\inpenc@prehook=\toks14
\inpenc@posthook=\toks15
) ("C:\Users\RubenMa\AppData\Local\Programs\MiKTeX 2.9\tex/latex/base\utf8.def"
File: utf8.def 2019/07/11 v1.2j UTF-8 support for inputenc
Now handling font encoding OML ...
... no UTF-8 mapping file for font encoding OML
Now handling font encoding T1 ...
... processing UTF-8 mapping file for font encoding T1
("C:\Users\RubenMa\AppData\Local\Programs\MiKTeX 2.9\tex/latex/base\t1enc.dfu"
File: t1enc.dfu 2019/07/11 v1.2j UTF-8 support for inputenc
   defining Unicode char U+00A0 (decimal 160)
   defining Unicode char U+00A1 (decimal 161)
   defining Unicode char U+00A3 (decimal 163)
   defining Unicode char U+00AB (decimal 171)
   defining Unicode char U+00AD (decimal 173)
   defining Unicode char U+00BB (decimal 187)
   defining Unicode char U+00BF (decimal 191)
   defining Unicode char U+00C0 (decimal 192)
   defining Unicode char U+00C1 (decimal 193)
   defining Unicode char U+00C2 (decimal 194)
   defining Unicode char U+00C3 (decimal 195)
   defining Unicode char U+00C4 (decimal 196)
   defining Unicode char U+00C5 (decimal 197)
   defining Unicode char U+00C6 (decimal 198)
   defining Unicode char U+00C7 (decimal 199)
   defining Unicode char U+00C8 (decimal 200)
   defining Unicode char U+00C9 (decimal 201)
   defining Unicode char U+00CA (decimal 202)
   defining Unicode char U+00CB (decimal 203)
   defining Unicode char U+00CC (decimal 204)
   defining Unicode char U+00CD (decimal 205)
   defining Unicode char U+00CE (decimal 206)
   defining Unicode char U+00CF (decimal 207)
   defining Unicode char U+00D0 (decimal 208)
   defining Unicode char U+00D1 (decimal 209)
   defining Unicode char U+00D2 (decimal 210)
   defining Unicode char U+00D3 (decimal 211)
   defining Unicode char U+00D4 (decimal 212)
   defining Unicode char U+00D5 (decimal 213)
   defining Unicode char U+00D6 (decimal 214)
   defining Unicode char U+00D8 (decimal 216)
   defining Unicode char U+00D9 (decimal 217)
   defining Unicode char U+00DA (decimal 218)
   defining Unicode char U+00DB (decimal 219)
   defining Unicode char U+00DC (decimal 220)
   defining Unicode char U+00DD (decimal 221)
   defining Unicode char U+00DE (decimal 222)
   defining Unicode char U+00DF (decimal 223)
   defining Unicode char U+00E0 (decimal 224)
   defining Unicode char U+00E1 (decimal 225)
   defining Unicode char U+00E2 (decimal 226)
   defining Unicode char U+00E3 (decimal 227)
   defining Unicode char U+00E4 (decimal 228)
   defining Unicode char U+00E5 (decimal 229)
   defining Unicode char U+00E6 (decimal 230)
   defining Unicode char U+00E7 (decimal 231)
   defining Unicode char U+00E8 (decimal 232)
   defining Unicode char U+00E9 (decimal 233)
   defining Unicode char U+00EA (decimal 234)
   defining Unicode char U+00EB (decimal 235)
   defining Unicode char U+00EC (decimal 236)
   defining Unicode char U+00ED (decimal 237)
   defining Unicode char U+00EE (decimal 238)
   defining Unicode char U+00EF (decimal 239)
   defining Unicode char U+00F0 (decimal 240)
   defining Unicode char U+00F1 (decimal 241)
   defining Unicode char U+00F2 (decimal 242)
   defining Unicode char U+00F3 (decimal 243)
   defining Unicode char U+00F4 (decimal 244)
   defining Unicode char U+00F5 (decimal 245)
   defining Unicode char U+00F6 (decimal 246)
   defining Unicode char U+00F8 (decimal 248)
   defining Unicode char U+00F9 (decimal 249)
   defining Unicode char U+00FA (decimal 250)
   defining Unicode char U+00FB (decimal 251)
   defining Unicode char U+00FC (decimal 252)
   defining Unicode char U+00FD (decimal 253)
   defining Unicode char U+00FE (decimal 254)
   defining Unicode char U+00FF (decimal 255)
   defining Unicode char U+0100 (decimal 256)
   defining Unicode char U+0101 (decimal 257)
   defining Unicode char U+0102 (decimal 258)
   defining Unicode char U+0103 (decimal 259)
   defining Unicode char U+0104 (decimal 260)
   defining Unicode char U+0105 (decimal 261)
   defining Unicode char U+0106 (decimal 262)
   defining Unicode char U+0107 (decimal 263)
   defining Unicode char U+0108 (decimal 264)
   defining Unicode char U+0109 (decimal 265)
   defining Unicode char U+010A (decimal 266)
   defining Unicode char U+010B (decimal 267)
   defining Unicode char U+010C (decimal 268)
   defining Unicode char U+010D (decimal 269)
   defining Unicode char U+010E (decimal 270)
   defining Unicode char U+010F (decimal 271)
   defining Unicode char U+0110 (decimal 272)
   defining Unicode char U+0111 (decimal 273)
   defining Unicode char U+0112 (decimal 274)
   defining Unicode char U+0113 (decimal 275)
   defining Unicode char U+0114 (decimal 276)
   defining Unicode char U+0115 (decimal 277)
   defining Unicode char U+0116 (decimal 278)
   defining Unicode char U+0117 (decimal 279)
   defining Unicode char U+0118 (decimal 280)
   defining Unicode char U+0119 (decimal 281)
   defining Unicode char U+011A (decimal 282)
   defining Unicode char U+011B (decimal 283)
   defining Unicode char U+011C (decimal 284)
   defining Unicode char U+011D (decimal 285)
   defining Unicode char U+011E (decimal 286)
   defining Unicode char U+011F (decimal 287)
   defining Unicode char U+0120 (decimal 288)
   defining Unicode char U+0121 (decimal 289)
   defining Unicode char U+0122 (decimal 290)
   defining Unicode char U+0123 (decimal 291)
   defining Unicode char U+0124 (decimal 292)
   defining Unicode char U+0125 (decimal 293)
   defining Unicode char U+0128 (decimal 296)
   defining Unicode char U+0129 (decimal 297)
   defining Unicode char U+012A (decimal 298)
   defining Unicode char U+012B (decimal 299)
   defining Unicode char U+012C (decimal 300)
   defining Unicode char U+012D (decimal 301)
   defining Unicode char U+012E (decimal 302)
   defining Unicode char U+012F (decimal 303)
   defining Unicode char U+0130 (decimal 304)
   defining Unicode char U+0131 (decimal 305)
   defining Unicode char U+0132 (decimal 306)
   defining Unicode char U+0133 (decimal 307)
   defining Unicode char U+0134 (decimal 308)
   defining Unicode char U+0135 (decimal 309)
   defining Unicode char U+0136 (decimal 310)
   defining Unicode char U+0137 (decimal 311)
   defining Unicode char U+0139 (decimal 313)
   defining Unicode char U+013A (decimal 314)
   defining Unicode char U+013B (decimal 315)
   defining Unicode char U+013C (decimal 316)
   defining Unicode char U+013D (decimal 317)
   defining Unicode char U+013E (decimal 318)
   defining Unicode char U+0141 (decimal 321)
   defining Unicode char U+0142 (decimal 322)
   defining Unicode char U+0143 (decimal 323)
   defining Unicode char U+0144 (decimal 324)
   defining Unicode char U+0145 (decimal 325)
   defining Unicode char U+0146 (decimal 326)
   defining Unicode char U+0147 (decimal 327)
   defining Unicode char U+0148 (decimal 328)
   defining Unicode char U+014A (decimal 330)
   defining Unicode char U+014B (decimal 331)
   defining Unicode char U+014C (decimal 332)
   defining Unicode char U+014D (decimal 333)
   defining Unicode char U+014E (decimal 334)
   defining Unicode char U+014F (decimal 335)
   defining Unicode char U+0150 (decimal 336)
   defining Unicode char U+0151 (decimal 337)
   defining Unicode char U+0152 (decimal 338)
   defining Unicode char U+0153 (decimal 339)
   defining Unicode char U+0154 (decimal 340)
   defining Unicode char U+0155 (decimal 341)
   defining Unicode char U+0156 (decimal 342)
   defining Unicode char U+0157 (decimal 343)
   defining Unicode char U+0158 (decimal 344)
   defining Unicode char U+0159 (decimal 345)
   defining Unicode char U+015A (decimal 346)
   defining Unicode char U+015B (decimal 347)
   defining Unicode char U+015C (decimal 348)
   defining Unicode char U+015D (decimal 349)
   defining Unicode char U+015E (decimal 350)
   defining Unicode char U+015F (decimal 351)
   defining Unicode char U+0160 (decimal 352)
   defining Unicode char U+0161 (decimal 353)
   defining Unicode char U+0162 (decimal 354)
   defining Unicode char U+0163 (decimal 355)
   defining Unicode char U+0164 (decimal 356)
   defining Unicode char U+0165 (decimal 357)
   defining Unicode char U+0168 (decimal 360)
   defining Unicode char U+0169 (decimal 361)
   defining Unicode char U+016A (decimal 362)
   defining Unicode char U+016B (decimal 363)
   defining Unicode char U+016C (decimal 364)
   defining Unicode char U+016D (decimal 365)
   defining Unicode char U+016E (decimal 366)
   defining Unicode char U+016F (decimal 367)
   defining Unicode char U+0170 (decimal 368)
   defining Unicode char U+0171 (decimal 369)
   defining Unicode char U+0172 (decimal 370)
   defining Unicode char U+0173 (decimal 371)
   defining Unicode char U+0174 (decimal 372)
   defining Unicode char U+0175 (decimal 373)
   defining Unicode char U+0176 (decimal 374)
   defining Unicode char U+0177 (decimal 375)
   defining Unicode char U+0178 (decimal 376)
   defining Unicode char U+0179 (decimal 377)
   defining Unicode char U+017A (decimal 378)
   defining Unicode char U+017B (decimal 379)
   defining Unicode char U+017C (decimal 380)
   defining Unicode char U+017D (decimal 381)
   defining Unicode char U+017E (decimal 382)
   defining Unicode char U+01CD (decimal 461)
   defining Unicode char U+01CE (decimal 462)
   defining Unicode char U+01CF (decimal 463)
   defining Unicode char U+01D0 (decimal 464)
   defining Unicode char U+01D1 (decimal 465)
   defining Unicode char U+01D2 (decimal 466)
   defining Unicode char U+01D3 (decimal 467)
   defining Unicode char U+01D4 (decimal 468)
   defining Unicode char U+01E2 (decimal 482)
   defining Unicode char U+01E3 (decimal 483)
   defining Unicode char U+01E6 (decimal 486)
   defining Unicode char U+01E7 (decimal 487)
   defining Unicode char U+01E8 (decimal 488)
   defining Unicode char U+01E9 (decimal 489)
   defining Unicode char U+01EA (decimal 490)
   defining Unicode char U+01EB (decimal 491)
   defining Unicode char U+01F0 (decimal 496)
   defining Unicode char U+01F4 (decimal 500)
   defining Unicode char U+01F5 (decimal 501)
   defining Unicode char U+0218 (decimal 536)
   defining Unicode char U+0219 (decimal 537)
   defining Unicode char U+021A (decimal 538)
   defining Unicode char U+021B (decimal 539)
   defining Unicode char U+0232 (decimal 562)
   defining Unicode char U+0233 (decimal 563)
   defining Unicode char U+0237 (decimal 567)
   defining Unicode char U+02D9 (decimal 729)
   defining Unicode char U+02DB (decimal 731)
   defining Unicode char U+1E02 (decimal 7682)
   defining Unicode char U+1E03 (decimal 7683)
   defining Unicode char U+1E9E (decimal 7838)
   defining Unicode char U+200C (decimal 8204)
   defining Unicode char U+2010 (decimal 8208)
   defining Unicode char U+2011 (decimal 8209)
   defining Unicode char U+2012 (decimal 8210)
   defining Unicode char U+2013 (decimal 8211)
   defining Unicode char U+2014 (decimal 8212)
   defining Unicode char U+2015 (decimal 8213)
   defining Unicode char U+2018 (decimal 8216)
   defining Unicode char U+2019 (decimal 8217)
   defining Unicode char U+201A (decimal 8218)
   defining Unicode char U+201C (decimal 8220)
   defining Unicode char U+201D (decimal 8221)
   defining Unicode char U+201E (decimal 8222)
   defining Unicode char U+2030 (decimal 8240)
   defining Unicode char U+2031 (decimal 8241)
   defining Unicode char U+2039 (decimal 8249)
   defining Unicode char U+203A (decimal 8250)
   defining Unicode char U+2423 (decimal 9251)
   defining Unicode char U+1E20 (decimal 7712)
   defining Unicode char U+1E21 (decimal 7713)
   defining Unicode char U+FB00 (decimal 64256)
   defining Unicode char U+FB01 (decimal 64257)
   defining Unicode char U+FB02 (decimal 64258)
   defining Unicode char U+FB03 (decimal 64259)
   defining Unicode char U+FB04 (decimal 64260)
   defining Unicode char U+FB05 (decimal 64261)
   defining Unicode char U+FB06 (decimal 64262)
)
Now handling font encoding OT1 ...
... processing UTF-8 mapping file for font encoding OT1
("C:\Users\RubenMa\AppData\Local\Programs\MiKTeX 2.9\tex/latex/base\ot1enc.dfu"
File: ot1enc.dfu 2019/07/11 v1.2j UTF-8 support for inputenc
   defining Unicode char U+00A0 (decimal 160)
   defining Unicode char U+00A1 (decimal 161)
   defining Unicode char U+00A3 (decimal 163)
   defining Unicode char U+00AD (decimal 173)
   defining Unicode char U+00B8 (decimal 184)
   defining Unicode char U+00BF (decimal 191)
   defining Unicode char U+00C5 (decimal 197)
   defining Unicode char U+00C6 (decimal 198)
   defining Unicode char U+00D8 (decimal 216)
   defining Unicode char U+00DF (decimal 223)
   defining Unicode char U+00E6 (decimal 230)
   defining Unicode char U+00EC (decimal 236)
   defining Unicode char U+00ED (decimal 237)
   defining Unicode char U+00EE (decimal 238)
   defining Unicode char U+00EF (decimal 239)
   defining Unicode char U+00F8 (decimal 248)
   defining Unicode char U+0131 (decimal 305)
   defining Unicode char U+0141 (decimal 321)
   defining Unicode char U+0142 (decimal 322)
   defining Unicode char U+0152 (decimal 338)
   defining Unicode char U+0153 (decimal 339)
   defining Unicode char U+0174 (decimal 372)
   defining Unicode char U+0175 (decimal 373)
   defining Unicode char U+0176 (decimal 374)
   defining Unicode char U+0177 (decimal 375)
   defining Unicode char U+0218 (decimal 536)
   defining Unicode char U+0219 (decimal 537)
   defining Unicode char U+021A (decimal 538)
   defining Unicode char U+021B (decimal 539)
   defining Unicode char U+0237 (decimal 567)
   defining Unicode char U+2013 (decimal 8211)
   defining Unicode char U+2014 (decimal 8212)
   defining Unicode char U+2018 (decimal 8216)
   defining Unicode char U+2019 (decimal 8217)
   defining Unicode char U+201C (decimal 8220)
   defining Unicode char U+201D (decimal 8221)
   defining Unicode char U+FB00 (decimal 64256)
   defining Unicode char U+FB01 (decimal 64257)
   defining Unicode char U+FB02 (decimal 64258)
   defining Unicode char U+FB03 (decimal 64259)
   defining Unicode char U+FB04 (decimal 64260)
   defining Unicode char U+FB05 (decimal 64261)
   defining Unicode char U+FB06 (decimal 64262)
)
Now handling font encoding OMS ...
... processing UTF-8 mapping file for font encoding OMS
("C:\Users\RubenMa\AppData\Local\Programs\MiKTeX 2.9\tex/latex/base\omsenc.dfu"
File: omsenc.dfu 2019/07/11 v1.2j UTF-8 support for inputenc
   defining Unicode char U+00A7 (decimal 167)
   defining Unicode char U+00B6 (decimal 182)
   defining Unicode char U+00B7 (decimal 183)
   defining Unicode char U+2020 (decimal 8224)
   defining Unicode char U+2021 (decimal 8225)
   defining Unicode char U+2022 (decimal 8226)
)
Now handling font encoding OMX ...
... no UTF-8 mapping file for font encoding OMX
Now handling font encoding U ...
... no UTF-8 mapping file for font encoding U
   defining Unicode char U+00A9 (decimal 169)
   defining Unicode char U+00AA (decimal 170)
   defining Unicode char U+00AE (decimal 174)
   defining Unicode char U+00BA (decimal 186)
   defining Unicode char U+02C6 (decimal 710)
   defining Unicode char U+02DC (decimal 732)
   defining Unicode char U+200C (decimal 8204)
   defining Unicode char U+2026 (decimal 8230)
   defining Unicode char U+2122 (decimal 8482)
   defining Unicode char U+2423 (decimal 9251)
   defining Unicode char U+FEFF (decimal 65279)
))
("C:\Users\RubenMa\AppData\Local\Programs\MiKTeX 2.9\tex/generic/babel\babel.st
y"
Package: babel 2019/11/14 3.36 The Babel package

("C:\Users\RubenMa\AppData\Local\Programs\MiKTeX 2.9\tex/generic/babel\switch.d
ef"
File: switch.def 2019/11/14 3.36 Babel switching mechanism
)
*************************************
* Local config file bblopts.cfg used
*

("C:\Users\RubenMa\AppData\Local\Programs\MiKTeX 2.9\tex/latex/arabi\bblopts.cf
g"
File: bblopts.cfg 2005/09/08 v0.1 add Arabic and Farsi to "declared" options of
 babel
)
("C:\Users\RubenMa\AppData\Local\Programs\MiKTeX 2.9\tex/latex/babel-english\en
glish.ldf"
Language: english 2017/06/06 v3.3r English support from the babel system

("C:\Users\RubenMa\AppData\Local\Programs\MiKTeX 2.9\tex/generic/babel\babel.de
f"
File: babel.def 2019/11/14 3.36 Babel common definitions
\babel@savecnt=\count89
\U@D=\dimen103

("C:\Users\RubenMa\AppData\Local\Programs\MiKTeX 2.9\tex/generic/babel\txtbabel
.def")
\bbl@dirlevel=\count90
)
Package babel Info: \l@canadian = using hyphenrules for english
(babel)             (\language0) on input line 102.
Package babel Info: \l@australian = using hyphenrules for ukenglish
(babel)             (\language72) on input line 105.
Package babel Info: \l@newzealand = using hyphenrules for ukenglish
(babel)             (\language72) on input line 108.
)
("C:\Users\RubenMa\AppData\Local\Programs\MiKTeX 2.9\tex/latex/babel-spanish\sp
anish.ldf"
Language: spanish.ldf 2016/03/03 v5.0p Spanish support from the babel system
\es@quottoks=\toks16
\es@quotdepth=\count91
Package babel Info: Making " an active character on input line 561.
Package babel Info: Making . an active character on input line 662.
Package babel Info: Making < an active character on input line 707.
Package babel Info: Making > an active character on input line 707.
))
("C:\Users\RubenMa\AppData\Local\Programs\MiKTeX 2.9\tex/latex/geometry\geometr
y.sty"
Package: geometry 2020/01/02 v5.9 Page Geometry

("C:\Users\RubenMa\AppData\Local\Programs\MiKTeX 2.9\tex/latex/graphics\keyval.
sty"
Package: keyval 2014/10/28 v1.15 key=value parser (DPC)
\KV@toks@=\toks17
)
("C:\Users\RubenMa\AppData\Local\Programs\MiKTeX 2.9\tex/generic/iftex\ifvtex.s
ty"
Package: ifvtex 2019/10/25 v1.7 ifvtex legacy package. Use iftex instead.

("C:\Users\RubenMa\AppData\Local\Programs\MiKTeX 2.9\tex/generic/iftex\iftex.st
y"
Package: iftex 2019/11/07 v1.0c TeX engine tests
))
\Gm@cnth=\count92
\Gm@cntv=\count93
\c@Gm@tempcnt=\count94
\Gm@bindingoffset=\dimen104
\Gm@wd@mp=\dimen105
\Gm@odd@mp=\dimen106
\Gm@even@mp=\dimen107
\Gm@layoutwidth=\dimen108
\Gm@layoutheight=\dimen109
\Gm@layouthoffset=\dimen110
\Gm@layoutvoffset=\dimen111
\Gm@dimlist=\toks18

("C:\Users\RubenMa\AppData\Local\Programs\MiKTeX 2.9\tex/latex/geometry\geometr
y.cfg"))
("C:\Users\RubenMa\AppData\Local\Programs\MiKTeX 2.9\tex/latex/libertine\libert
ine.sty"
Package: libertine 2019/07/01 (Bob Tennent) Supports Libertine and Biolinum fon
ts for all LaTeX engines.

("C:\Users\RubenMa\AppData\Local\Programs\MiKTeX 2.9\tex/generic/iftex\ifxetex.
sty"
Package: ifxetex 2019/10/25 v0.7 ifxetex legacy package. Use iftex instead.
)
("C:\Users\RubenMa\AppData\Local\Programs\MiKTeX 2.9\tex/generic/iftex\ifluatex
.sty"
Package: ifluatex 2019/10/25 v1.5 ifluatex legacy package. Use iftex instead.
)
("C:\Users\RubenMa\AppData\Local\Programs\MiKTeX 2.9\tex/latex/xkeyval\xkeyval.
sty"
Package: xkeyval 2014/12/03 v2.7a package option processing (HA)

("C:\Users\RubenMa\AppData\Local\Programs\MiKTeX 2.9\tex/generic/xkeyval\xkeyva
l.tex"
("C:\Users\RubenMa\AppData\Local\Programs\MiKTeX 2.9\tex/generic/xkeyval\xkvuti
ls.tex"
\XKV@toks=\toks19
\XKV@tempa@toks=\toks20
)
\XKV@depth=\count95
File: xkeyval.tex 2014/12/03 v2.7a key=value parser (HA)
))
("C:\Users\RubenMa\AppData\Local\Programs\MiKTeX 2.9\tex/latex/base\textcomp.st
y"
Package: textcomp 2018/08/11 v2.0j Standard LaTeX package
Package textcomp Info: Sub-encoding information:
(textcomp)               5 = only ISO-Adobe without \textcurrency
(textcomp)               4 = 5 + \texteuro
(textcomp)               3 = 4 + \textohm
(textcomp)               2 = 3 + \textestimated + \textcurrency
(textcomp)               1 = TS1 - \textcircled - \t
(textcomp)               0 = TS1 (full)
(textcomp)             Font families with sub-encoding setting implement
(textcomp)             only a restricted character set as indicated.
(textcomp)             Family '?' is the default used for unknown fonts.
(textcomp)             See the documentation for details.
Package textcomp Info: Setting ? sub-encoding to TS1/1 on input line 79.
("C:\Users\RubenMa\AppData\Local\Programs\MiKTeX 2.9\tex/latex/base\ts1enc.def"
File: ts1enc.def 2001/06/05 v3.0e (jk/car/fm) Standard LaTeX file
Now handling font encoding TS1 ...
... processing UTF-8 mapping file for font encoding TS1
("C:\Users\RubenMa\AppData\Local\Programs\MiKTeX 2.9\tex/latex/base\ts1enc.dfu"
File: ts1enc.dfu 2019/07/11 v1.2j UTF-8 support for inputenc
   defining Unicode char U+00A2 (decimal 162)
   defining Unicode char U+00A3 (decimal 163)
   defining Unicode char U+00A4 (decimal 164)
   defining Unicode char U+00A5 (decimal 165)
   defining Unicode char U+00A6 (decimal 166)
   defining Unicode char U+00A7 (decimal 167)
   defining Unicode char U+00A8 (decimal 168)
   defining Unicode char U+00A9 (decimal 169)
   defining Unicode char U+00AA (decimal 170)
   defining Unicode char U+00AC (decimal 172)
   defining Unicode char U+00AE (decimal 174)
   defining Unicode char U+00AF (decimal 175)
   defining Unicode char U+00B0 (decimal 176)
   defining Unicode char U+00B1 (decimal 177)
   defining Unicode char U+00B2 (decimal 178)
   defining Unicode char U+00B3 (decimal 179)
   defining Unicode char U+00B4 (decimal 180)
   defining Unicode char U+00B5 (decimal 181)
   defining Unicode char U+00B6 (decimal 182)
   defining Unicode char U+00B7 (decimal 183)
   defining Unicode char U+00B9 (decimal 185)
   defining Unicode char U+00BA (decimal 186)
   defining Unicode char U+00BC (decimal 188)
   defining Unicode char U+00BD (decimal 189)
   defining Unicode char U+00BE (decimal 190)
   defining Unicode char U+00D7 (decimal 215)
   defining Unicode char U+00F7 (decimal 247)
   defining Unicode char U+0192 (decimal 402)
   defining Unicode char U+02C7 (decimal 711)
   defining Unicode char U+02D8 (decimal 728)
   defining Unicode char U+02DD (decimal 733)
   defining Unicode char U+0E3F (decimal 3647)
   defining Unicode char U+2016 (decimal 8214)
   defining Unicode char U+2020 (decimal 8224)
   defining Unicode char U+2021 (decimal 8225)
   defining Unicode char U+2022 (decimal 8226)
   defining Unicode char U+2030 (decimal 8240)
   defining Unicode char U+2031 (decimal 8241)
   defining Unicode char U+203B (decimal 8251)
   defining Unicode char U+203D (decimal 8253)
   defining Unicode char U+2044 (decimal 8260)
   defining Unicode char U+204E (decimal 8270)
   defining Unicode char U+2052 (decimal 8274)
   defining Unicode char U+20A1 (decimal 8353)
   defining Unicode char U+20A4 (decimal 8356)
   defining Unicode char U+20A6 (decimal 8358)
   defining Unicode char U+20A9 (decimal 8361)
   defining Unicode char U+20AB (decimal 8363)
   defining Unicode char U+20AC (decimal 8364)
   defining Unicode char U+20B1 (decimal 8369)
   defining Unicode char U+2103 (decimal 8451)
   defining Unicode char U+2116 (decimal 8470)
   defining Unicode char U+2117 (decimal 8471)
   defining Unicode char U+211E (decimal 8478)
   defining Unicode char U+2120 (decimal 8480)
   defining Unicode char U+2122 (decimal 8482)
   defining Unicode char U+2126 (decimal 8486)
   defining Unicode char U+2127 (decimal 8487)
   defining Unicode char U+212E (decimal 8494)
   defining Unicode char U+2190 (decimal 8592)
   defining Unicode char U+2191 (decimal 8593)
   defining Unicode char U+2192 (decimal 8594)
   defining Unicode char U+2193 (decimal 8595)
   defining Unicode char U+2329 (decimal 9001)
   defining Unicode char U+232A (decimal 9002)
   defining Unicode char U+2422 (decimal 9250)
   defining Unicode char U+25E6 (decimal 9702)
   defining Unicode char U+25EF (decimal 9711)
   defining Unicode char U+266A (decimal 9834)
   defining Unicode char U+27E8 (decimal 10216)
   defining Unicode char U+27E9 (decimal 10217)
   defining Unicode char U+FEFF (decimal 65279)
))
LaTeX Info: Redefining \oldstylenums on input line 334.
Package textcomp Info: Setting cmr sub-encoding to TS1/0 on input line 349.
Package textcomp Info: Setting cmss sub-encoding to TS1/0 on input line 350.
Package textcomp Info: Setting cmtt sub-encoding to TS1/0 on input line 351.
Package textcomp Info: Setting cmvtt sub-encoding to TS1/0 on input line 352.
Package textcomp Info: Setting cmbr sub-encoding to TS1/0 on input line 353.
Package textcomp Info: Setting cmtl sub-encoding to TS1/0 on input line 354.
Package textcomp Info: Setting ccr sub-encoding to TS1/0 on input line 355.
Package textcomp Info: Setting ptm sub-encoding to TS1/4 on input line 356.
Package textcomp Info: Setting pcr sub-encoding to TS1/4 on input line 357.
Package textcomp Info: Setting phv sub-encoding to TS1/4 on input line 358.
Package textcomp Info: Setting ppl sub-encoding to TS1/3 on input line 359.
Package textcomp Info: Setting pag sub-encoding to TS1/4 on input line 360.
Package textcomp Info: Setting pbk sub-encoding to TS1/4 on input line 361.
Package textcomp Info: Setting pnc sub-encoding to TS1/4 on input line 362.
Package textcomp Info: Setting pzc sub-encoding to TS1/4 on input line 363.
Package textcomp Info: Setting bch sub-encoding to TS1/4 on input line 364.
Package textcomp Info: Setting put sub-encoding to TS1/5 on input line 365.
Package textcomp Info: Setting uag sub-encoding to TS1/5 on input line 366.
Package textcomp Info: Setting ugq sub-encoding to TS1/5 on input line 367.
Package textcomp Info: Setting ul8 sub-encoding to TS1/4 on input line 368.
Package textcomp Info: Setting ul9 sub-encoding to TS1/4 on input line 369.
Package textcomp Info: Setting augie sub-encoding to TS1/5 on input line 370.
Package textcomp Info: Setting dayrom sub-encoding to TS1/3 on input line 371.
Package textcomp Info: Setting dayroms sub-encoding to TS1/3 on input line 372.

Package textcomp Info: Setting pxr sub-encoding to TS1/0 on input line 373.
Package textcomp Info: Setting pxss sub-encoding to TS1/0 on input line 374.
Package textcomp Info: Setting pxtt sub-encoding to TS1/0 on input line 375.
Package textcomp Info: Setting txr sub-encoding to TS1/0 on input line 376.
Package textcomp Info: Setting txss sub-encoding to TS1/0 on input line 377.
Package textcomp Info: Setting txtt sub-encoding to TS1/0 on input line 378.
Package textcomp Info: Setting lmr sub-encoding to TS1/0 on input line 379.
Package textcomp Info: Setting lmdh sub-encoding to TS1/0 on input line 380.
Package textcomp Info: Setting lmss sub-encoding to TS1/0 on input line 381.
Package textcomp Info: Setting lmssq sub-encoding to TS1/0 on input line 382.
Package textcomp Info: Setting lmvtt sub-encoding to TS1/0 on input line 383.
Package textcomp Info: Setting lmtt sub-encoding to TS1/0 on input line 384.
Package textcomp Info: Setting qhv sub-encoding to TS1/0 on input line 385.
Package textcomp Info: Setting qag sub-encoding to TS1/0 on input line 386.
Package textcomp Info: Setting qbk sub-encoding to TS1/0 on input line 387.
Package textcomp Info: Setting qcr sub-encoding to TS1/0 on input line 388.
Package textcomp Info: Setting qcs sub-encoding to TS1/0 on input line 389.
Package textcomp Info: Setting qpl sub-encoding to TS1/0 on input line 390.
Package textcomp Info: Setting qtm sub-encoding to TS1/0 on input line 391.
Package textcomp Info: Setting qzc sub-encoding to TS1/0 on input line 392.
Package textcomp Info: Setting qhvc sub-encoding to TS1/0 on input line 393.
Package textcomp Info: Setting futs sub-encoding to TS1/4 on input line 394.
Package textcomp Info: Setting futx sub-encoding to TS1/4 on input line 395.
Package textcomp Info: Setting futj sub-encoding to TS1/4 on input line 396.
Package textcomp Info: Setting hlh sub-encoding to TS1/3 on input line 397.
Package textcomp Info: Setting hls sub-encoding to TS1/3 on input line 398.
Package textcomp Info: Setting hlst sub-encoding to TS1/3 on input line 399.
Package textcomp Info: Setting hlct sub-encoding to TS1/5 on input line 400.
Package textcomp Info: Setting hlx sub-encoding to TS1/5 on input line 401.
Package textcomp Info: Setting hlce sub-encoding to TS1/5 on input line 402.
Package textcomp Info: Setting hlcn sub-encoding to TS1/5 on input line 403.
Package textcomp Info: Setting hlcw sub-encoding to TS1/5 on input line 404.
Package textcomp Info: Setting hlcf sub-encoding to TS1/5 on input line 405.
Package textcomp Info: Setting pplx sub-encoding to TS1/3 on input line 406.
Package textcomp Info: Setting pplj sub-encoding to TS1/3 on input line 407.
Package textcomp Info: Setting ptmx sub-encoding to TS1/4 on input line 408.
Package textcomp Info: Setting ptmj sub-encoding to TS1/4 on input line 409.
)
("C:\Users\RubenMa\AppData\Local\Programs\MiKTeX 2.9\tex/latex/mweights\mweight
s.sty"
Package: mweights 2017/03/30 (Bob Tennent) Support package for multiple-weight 
font packages. 
LaTeX Info: Redefining \bfseries on input line 22.
LaTeX Info: Redefining \mdseries on input line 30.
LaTeX Info: Redefining \rmfamily on input line 38.
LaTeX Info: Redefining \sffamily on input line 66.
LaTeX Info: Redefining \ttfamily on input line 94.
) ("C:\Users\RubenMa\AppData\Local\Programs\MiKTeX 2.9\tex/latex/base\fontenc.s
ty"
Package: fontenc 2018/08/11 v2.0j Standard LaTeX package
)
("C:\Users\RubenMa\AppData\Local\Programs\MiKTeX 2.9\tex/latex/fontaxes\fontaxe
s.sty"
Package: fontaxes 2014/03/23 v1.0d Font selection axes
LaTeX Info: Redefining \upshape on input line 29.
LaTeX Info: Redefining \itshape on input line 31.
LaTeX Info: Redefining \slshape on input line 33.
LaTeX Info: Redefining \scshape on input line 37.
)
LaTeX Info: Redefining \oldstylenums on input line 494.

("C:\Users\RubenMa\AppData\Local\Programs\MiKTeX 2.9\tex/latex/libertine\LinLib
ertine_I.tex"))
("C:\Users\RubenMa\AppData\Local\Programs\MiKTeX 2.9\tex/latex/newtx\newtxmath.
sty"
Package: newtxmath 2020/01/25 v1.624

`newtxmath' v1.624, 2020/01/25 Math macros based originally on txfonts (msharpe
)
("C:\Users\RubenMa\AppData\Local\Programs\MiKTeX 2.9\tex/latex/amsmath\amsmath.
sty"
Package: amsmath 2019/11/16 v2.17d AMS math features
\@mathmargin=\skip43
For additional information on amsmath, use the `?' option.

("C:\Users\RubenMa\AppData\Local\Programs\MiKTeX 2.9\tex/latex/amsmath\amstext.
sty"
Package: amstext 2000/06/29 v2.01 AMS text

("C:\Users\RubenMa\AppData\Local\Programs\MiKTeX 2.9\tex/latex/amsmath\amsgen.s
ty"
File: amsgen.sty 1999/11/30 v2.0 generic functions
\@emptytoks=\toks21
\ex@=\dimen112
))
("C:\Users\RubenMa\AppData\Local\Programs\MiKTeX 2.9\tex/latex/amsmath\amsbsy.s
ty"
Package: amsbsy 1999/11/29 v1.2d Bold Symbols
\pmbraise@=\dimen113
)
("C:\Users\RubenMa\AppData\Local\Programs\MiKTeX 2.9\tex/latex/amsmath\amsopn.s
ty"
Package: amsopn 2016/03/08 v2.02 operator names
)
\inf@bad=\count96
LaTeX Info: Redefining \frac on input line 227.
\uproot@=\count97
\leftroot@=\count98
LaTeX Info: Redefining \overline on input line 389.
\classnum@=\count99
\DOTSCASE@=\count100
LaTeX Info: Redefining \ldots on input line 486.
LaTeX Info: Redefining \dots on input line 489.
LaTeX Info: Redefining \cdots on input line 610.
\Mathstrutbox@=\box27
\strutbox@=\box28
\big@size=\dimen114
LaTeX Font Info:    Redeclaring font encoding OML on input line 733.
LaTeX Font Info:    Redeclaring font encoding OMS on input line 734.
\macc@depth=\count101
\c@MaxMatrixCols=\count102
\dotsspace@=\muskip10
\c@parentequation=\count103
\dspbrk@lvl=\count104
\tag@help=\toks22
\row@=\count105
\column@=\count106
\maxfields@=\count107
\andhelp@=\toks23
\eqnshift@=\dimen115
\alignsep@=\dimen116
\tagshift@=\dimen117
\tagwidth@=\dimen118
\totwidth@=\dimen119
\lineht@=\dimen120
\@envbody=\toks24
\multlinegap=\skip44
\multlinetaggap=\skip45
\mathdisplay@stack=\toks25
LaTeX Info: Redefining \[ on input line 2858.
LaTeX Info: Redefining \] on input line 2859.
)
("C:\Users\RubenMa\AppData\Local\Programs\MiKTeX 2.9\tex/latex/etoolbox\etoolbo
x.sty"
Package: etoolbox 2019/09/21 v2.5h e-TeX tools for LaTeX (JAW)
\etb@tempcnta=\count108
)
("C:\Users\RubenMa\AppData\Local\Programs\MiKTeX 2.9\tex/latex/oberdiek\centern
ot.sty"
Package: centernot 2016/05/16 v1.4 Centers the not symbol horizontally (HO)
)
\tx@cntz=\count109

("C:\Users\RubenMa\AppData\Local\Programs\MiKTeX 2.9\tex/generic/binhex\binhex.
tex")
\tx@Isdigit=\count110
\tx@IsAlNum=\count111
\tx@tA=\toks26
\tx@tB=\toks27
\tx@su=\read1
LaTeX Font Info:    Redeclaring symbol font `operators' on input line 317.
LaTeX Font Info:    Overwriting symbol font `operators' in version `normal'
(Font)                  OT1/cmr/m/n --> OT1/LinuxLibertineT-TLF/m/n on input li
ne 317.
LaTeX Font Info:    Overwriting symbol font `operators' in version `bold'
(Font)                  OT1/cmr/bx/n --> OT1/LinuxLibertineT-TLF/m/n on input l
ine 317.
LaTeX Font Info:    Overwriting symbol font `operators' in version `bold'
(Font)                  OT1/LinuxLibertineT-TLF/m/n --> OT1/LinuxLibertineT-TLF
/sb/n on input line 318.
LaTeX Font Info:    Redeclaring math alphabet \mathsf on input line 326.
LaTeX Font Info:    Overwriting math alphabet `\mathsf' in version `normal'
(Font)                  OT1/cmss/m/n --> OT1/LinuxBiolinumT-TLF/m/n on input li
ne 326.
LaTeX Font Info:    Overwriting math alphabet `\mathsf' in version `bold'
(Font)                  OT1/cmss/bx/n --> OT1/LinuxBiolinumT-TLF/m/n on input l
ine 326.
LaTeX Font Info:    Redeclaring math alphabet \mathit on input line 327.
LaTeX Font Info:    Overwriting math alphabet `\mathit' in version `normal'
(Font)                  OT1/cmr/m/it --> OT1/LinuxLibertineT-TLF/m/it on input 
line 327.
LaTeX Font Info:    Overwriting math alphabet `\mathit' in version `bold'
(Font)                  OT1/cmr/bx/it --> OT1/LinuxLibertineT-TLF/m/it on input
 line 327.
LaTeX Font Info:    Redeclaring math alphabet \mathtt on input line 328.
LaTeX Font Info:    Overwriting math alphabet `\mathtt' in version `normal'
(Font)                  OT1/cmtt/m/n --> OT1/cmtt/m/n on input line 328.
LaTeX Font Info:    Overwriting math alphabet `\mathtt' in version `bold'
(Font)                  OT1/cmtt/m/n --> OT1/cmtt/m/n on input line 328.
LaTeX Font Info:    Redeclaring math alphabet \mathbf on input line 330.
LaTeX Font Info:    Overwriting math alphabet `\mathbf' in version `normal'
(Font)                  OT1/cmr/bx/n --> OT1/LinuxLibertineT-TLF/sb/n on input 
line 330.
LaTeX Font Info:    Overwriting math alphabet `\mathbf' in version `bold'
(Font)                  OT1/cmr/bx/n --> OT1/LinuxLibertineT-TLF/sb/n on input 
line 330.
LaTeX Font Info:    Overwriting math alphabet `\mathit' in version `bold'
(Font)                  OT1/LinuxLibertineT-TLF/m/it --> OT1/LinuxLibertineT-TL
F/sb/it on input line 331.
LaTeX Font Info:    Overwriting math alphabet `\mathsf' in version `bold'
(Font)                  OT1/LinuxBiolinumT-TLF/m/n --> OT1/LinuxBiolinumT-TLF/b
/n on input line 332.
LaTeX Font Info:    Overwriting math alphabet `\mathtt' in version `bold'
(Font)                  OT1/cmtt/m/n --> OT1/cmtt/b/n on input line 333.
LaTeX Font Info:    Redeclaring symbol font `letters' on input line 350.
LaTeX Font Info:    Overwriting symbol font `letters' in version `normal'
(Font)                  OML/cmm/m/it --> OML/nxlmi/m/it on input line 350.
LaTeX Font Info:    Overwriting symbol font `letters' in version `bold'
(Font)                  OML/cmm/b/it --> OML/nxlmi/m/it on input line 350.
LaTeX Font Info:    Overwriting symbol font `letters' in version `bold'
(Font)                  OML/nxlmi/m/it --> OML/nxlmi/b/it on input line 351.
\symlettersA=\mathgroup4
LaTeX Font Info:    Overwriting symbol font `lettersA' in version `bold'
(Font)                  U/ntxmia/m/it --> U/ntxmia/b/it on input line 476.
Now handling font encoding LMS ...
... no UTF-8 mapping file for font encoding LMS
LaTeX Font Info:    Redeclaring symbol font `symbols' on input line 497.
LaTeX Font Info:    Encoding `OMS' has changed to `LMS' for symbol font
(Font)              `symbols' in the math version `normal' on input line 497.
LaTeX Font Info:    Overwriting symbol font `symbols' in version `normal'
(Font)                  OMS/cmsy/m/n --> LMS/ntxsy/m/n on input line 497.
LaTeX Font Info:    Encoding `OMS' has changed to `LMS' for symbol font
(Font)              `symbols' in the math version `bold' on input line 497.
LaTeX Font Info:    Overwriting symbol font `symbols' in version `bold'
(Font)                  OMS/cmsy/b/n --> LMS/ntxsy/m/n on input line 497.
LaTeX Font Info:    Overwriting symbol font `symbols' in version `bold'
(Font)                  LMS/ntxsy/m/n --> LMS/ntxsy/b/n on input line 498.
\symAMSm=\mathgroup5
LaTeX Font Info:    Overwriting symbol font `AMSm' in version `bold'
(Font)                  U/ntxsym/m/n --> U/ntxsym/b/n on input line 521.
\symsymbolsC=\mathgroup6
LaTeX Font Info:    Overwriting symbol font `symbolsC' in version `bold'
(Font)                  U/ntxsyc/m/n --> U/ntxsyc/b/n on input line 542.
Now handling font encoding LMX ...
... no UTF-8 mapping file for font encoding LMX
LaTeX Font Info:    Redeclaring symbol font `largesymbols' on input line 555.
LaTeX Font Info:    Encoding `OMX' has changed to `LMX' for symbol font
(Font)              `largesymbols' in the math version `normal' on input line 5
55.
LaTeX Font Info:    Overwriting symbol font `largesymbols' in version `normal'
(Font)                  OMX/cmex/m/n --> LMX/ntxexx/m/n on input line 555.
LaTeX Font Info:    Encoding `OMX' has changed to `LMX' for symbol font
(Font)              `largesymbols' in the math version `bold' on input line 555
.
LaTeX Font Info:    Overwriting symbol font `largesymbols' in version `bold'
(Font)                  OMX/cmex/m/n --> LMX/ntxexx/m/n on input line 555.
LaTeX Font Info:    Overwriting symbol font `largesymbols' in version `bold'
(Font)                  LMX/ntxexx/m/n --> LMX/ntxexx/b/n on input line 556.
\symlargesymbolsTXA=\mathgroup7
LaTeX Font Info:    Overwriting symbol font `largesymbolsTXA' in version `bold'

(Font)                  U/ntxexa/m/n --> U/ntxexa/b/n on input line 570.
\tx@sbptoks=\toks28
LaTeX Font Info:    Redeclaring math delimiter \lgroup on input line 783.
LaTeX Font Info:    Redeclaring math delimiter \rgroup on input line 784.
LaTeX Font Info:    Redeclaring math delimiter \lmoustache on input line 785.
LaTeX Font Info:    Redeclaring math delimiter \rmoustache on input line 786.
LaTeX Font Info:    Redeclaring math delimiter \lfloor on input line 792.
LaTeX Font Info:    Redeclaring math delimiter \rfloor on input line 793.
LaTeX Font Info:    Redeclaring math delimiter \lceil on input line 794.
LaTeX Font Info:    Redeclaring math delimiter \rceil on input line 795.
LaTeX Font Info:    Redeclaring math delimiter \lbrace on input line 796.
LaTeX Font Info:    Redeclaring math delimiter \rbrace on input line 797.
LaTeX Font Info:    Redeclaring math delimiter \langle on input line 798.
LaTeX Font Info:    Redeclaring math delimiter \rangle on input line 800.
LaTeX Font Info:    Redeclaring math delimiter \arrowvert on input line 804.
LaTeX Font Info:    Redeclaring math delimiter \vert on input line 805.
LaTeX Font Info:    Redeclaring math delimiter \Arrowvert on input line 807.
LaTeX Font Info:    Redeclaring math delimiter \Vert on input line 808.
LaTeX Font Info:    Redeclaring math delimiter \updownarrow on input line 810.
LaTeX Font Info:    Redeclaring math delimiter \Updownarrow on input line 811.
LaTeX Font Info:    Redeclaring math delimiter \lvert on input line 816.
LaTeX Font Info:    Redeclaring math delimiter \rvert on input line 817.
LaTeX Font Info:    Redeclaring math delimiter \lVert on input line 818.
LaTeX Font Info:    Redeclaring math delimiter \rVert on input line 819.
LaTeX Font Info:    Redeclaring math symbol \hbar on input line 851.
LaTeX Font Info:    Redeclaring math accent \dot on input line 876.
LaTeX Font Info:    Redeclaring math accent \ddot on input line 877.
LaTeX Font Info:    Redeclaring math accent \vec on input line 1940.
\ntx@numstart=\count112
\ntx@UCstart=\count113
\ntx@lcstart=\count114
\ntx@tmpc=\count115
\ntx@imath=\count116
\ntx@jmath=\count117
LaTeX Info: Redefining \Bbbk on input line 2449.
LaTeX Info: Redefining \not on input line 2598.
) ("C:\Users\RubenMa\AppData\Local\Programs\MiKTeX 2.9\tex/latex/base\fontenc.s
ty"
Package: fontenc 2018/08/11 v2.0j Standard LaTeX package
("C:\Users\RubenMa\AppData\Local\Programs\MiKTeX 2.9\tex/latex/base\t1enc.def"
File: t1enc.def 2018/08/11 v2.0j Standard LaTeX file
LaTeX Font Info:    Redeclaring font encoding T1 on input line 48.
))
("C:\Users\RubenMa\AppData\Local\Programs\MiKTeX 2.9\tex/latex/microtype\microt
ype.sty"
Package: microtype 2019/11/18 v2.7d Micro-typographical refinements (RS)
\MT@toks=\toks29
\MT@count=\count118
LaTeX Info: Redefining \textls on input line 790.
\MT@outer@kern=\dimen121
LaTeX Info: Redefining \textmicrotypecontext on input line 1354.
\MT@listname@count=\count119

("C:\Users\RubenMa\AppData\Local\Programs\MiKTeX 2.9\tex/latex/microtype\microt
ype-pdftex.def"
File: microtype-pdftex.def 2019/11/18 v2.7d Definitions specific to pdftex (RS)

LaTeX Info: Redefining \lsstyle on input line 914.
LaTeX Info: Redefining \lslig on input line 914.
\MT@outer@space=\skip46
)
Package microtype Info: Loading configuration file microtype.cfg.

("C:\Users\RubenMa\AppData\Local\Programs\MiKTeX 2.9\tex/latex/microtype\microt
ype.cfg"
File: microtype.cfg 2019/11/18 v2.7d microtype main configuration file (RS)
))
("C:\Users\RubenMa\AppData\Local\Programs\MiKTeX 2.9\tex/latex/graphics\graphic
x.sty"
Package: graphicx 2017/06/01 v1.1a Enhanced LaTeX Graphics (DPC,SPQR)

("C:\Users\RubenMa\AppData\Local\Programs\MiKTeX 2.9\tex/latex/graphics\graphic
s.sty"
Package: graphics 2019/11/01 v1.3d Standard LaTeX Graphics (DPC,SPQR)

("C:\Users\RubenMa\AppData\Local\Programs\MiKTeX 2.9\tex/latex/graphics\trig.st
y"
Package: trig 2016/01/03 v1.10 sin cos tan (DPC)
)
("C:\Users\RubenMa\AppData\Local\Programs\MiKTeX 2.9\tex/latex/graphics-cfg\gra
phics.cfg"
File: graphics.cfg 2016/06/04 v1.11 sample graphics configuration
)
Package graphics Info: Driver file: pdftex.def on input line 105.

("C:\Users\RubenMa\AppData\Local\Programs\MiKTeX 2.9\tex/latex/graphics-def\pdf
tex.def"
File: pdftex.def 2018/01/08 v1.0l Graphics/color driver for pdftex
))
\Gin@req@height=\dimen122
\Gin@req@width=\dimen123
)
("C:\Users\RubenMa\AppData\Local\Programs\MiKTeX 2.9\tex/latex/tools\tabularx.s
ty"
Package: tabularx 2016/02/03 v2.11b `tabularx' package (DPC)
("C:\Users\RubenMa\AppData\Local\Programs\MiKTeX 2.9\tex/latex/tools\array.sty"
Package: array 2019/08/31 v2.4l Tabular extension package (FMi)
\col@sep=\dimen124
\ar@mcellbox=\box29
\extrarowheight=\dimen125
\NC@list=\toks30
\extratabsurround=\skip47
\backup@length=\skip48
\ar@cellbox=\box30
)
\TX@col@width=\dimen126
\TX@old@table=\dimen127
\TX@old@col=\dimen128
\TX@target=\dimen129
\TX@delta=\dimen130
\TX@cols=\count120
\TX@ftn=\toks31
)
("C:\Users\RubenMa\AppData\Local\Programs\MiKTeX 2.9\tex/latex/booktabs\booktab
s.sty"
Package: booktabs 2020/01/12 v1.61803398 Publication quality tables
\heavyrulewidth=\dimen131
\lightrulewidth=\dimen132
\cmidrulewidth=\dimen133
\belowrulesep=\dimen134
\belowbottomsep=\dimen135
\aboverulesep=\dimen136
\abovetopsep=\dimen137
\cmidrulesep=\dimen138
\cmidrulekern=\dimen139
\defaultaddspace=\dimen140
\@cmidla=\count121
\@cmidlb=\count122
\@aboverulesep=\dimen141
\@belowrulesep=\dimen142
\@thisruleclass=\count123
\@lastruleclass=\count124
\@thisrulewidth=\dimen143
)
("C:\Users\RubenMa\AppData\Local\Programs\MiKTeX 2.9\tex/latex/caption\caption.
sty"
Package: caption 2020/01/03 v3.4h Customizing captions (AR)

("C:\Users\RubenMa\AppData\Local\Programs\MiKTeX 2.9\tex/latex/caption\caption3
.sty"
Package: caption3 2020/01/03 v1.8h caption3 kernel (AR)
Package caption3 Info: TeX engine: e-TeX on input line 61.
\captionmargin=\dimen144
\captionmargin@=\dimen145
\captionwidth=\dimen146
\caption@tempdima=\dimen147
\caption@indent=\dimen148
\caption@parindent=\dimen149
\caption@hangindent=\dimen150
Package caption Info: Standard document class detected.
)
\c@caption@flags=\count125
\c@continuedfloat=\count126
)
("C:\Users\RubenMa\AppData\Local\Programs\MiKTeX 2.9\tex/latex/biblatex\biblate
x.sty"
Package: biblatex 2019/08/31 v3.13a programmable bibliographies (PK/MW)

("C:\Users\RubenMa\AppData\Local\Programs\MiKTeX 2.9\tex/latex/pdftexcmds\pdfte
xcmds.sty"
Package: pdftexcmds 2019/11/24 v0.31 Utility functions of pdfTeX for LuaTeX (HO
)

("C:\Users\RubenMa\AppData\Local\Programs\MiKTeX 2.9\tex/generic/oberdiek\infwa
rerr.sty"
Package: infwarerr 2016/05/16 v1.4 Providing info/warning/error messages (HO)
)
("C:\Users\RubenMa\AppData\Local\Programs\MiKTeX 2.9\tex/generic/oberdiek\ltxcm
ds.sty"
Package: ltxcmds 2016/05/16 v1.23 LaTeX kernel commands for general use (HO)
)
Package pdftexcmds Info: \pdf@primitive is available.
Package pdftexcmds Info: \pdf@ifprimitive is available.
Package pdftexcmds Info: \pdfdraftmode found.
)
("C:\Users\RubenMa\AppData\Local\Programs\MiKTeX 2.9\tex/latex/oberdiek\kvoptio
ns.sty"
Package: kvoptions 2016/05/16 v3.12 Key value format for package options (HO)

("C:\Users\RubenMa\AppData\Local\Programs\MiKTeX 2.9\tex/generic/oberdiek\kvset
keys.sty"
Package: kvsetkeys 2016/05/16 v1.17 Key value parser (HO)

("C:\Users\RubenMa\AppData\Local\Programs\MiKTeX 2.9\tex/generic/oberdiek\etexc
mds.sty"
Package: etexcmds 2016/05/16 v1.6 Avoid name clashes with e-TeX commands (HO)
)))
("C:\Users\RubenMa\AppData\Local\Programs\MiKTeX 2.9\tex/latex/logreq\logreq.st
y"
Package: logreq 2010/08/04 v1.0 xml request logger
\lrq@indent=\count127

("C:\Users\RubenMa\AppData\Local\Programs\MiKTeX 2.9\tex/latex/logreq\logreq.de
f"
File: logreq.def 2010/08/04 v1.0 logreq spec v1.0
)) ("C:\Users\RubenMa\AppData\Local\Programs\MiKTeX 2.9\tex/latex/base\ifthen.s
ty"
Package: ifthen 2014/09/29 v1.1c Standard LaTeX ifthen package (DPC)
) ("C:\Users\RubenMa\AppData\Local\Programs\MiKTeX 2.9\tex/latex/url\url.sty"
\Urlmuskip=\muskip11
Package: url 2013/09/16  ver 3.4  Verb mode for urls, etc.
)
\c@tabx@nest=\count128
\c@listtotal=\count129
\c@listcount=\count130
\c@liststart=\count131
\c@liststop=\count132
\c@citecount=\count133
\c@citetotal=\count134
\c@multicitecount=\count135
\c@multicitetotal=\count136
\c@instcount=\count137
\c@maxnames=\count138
\c@minnames=\count139
\c@maxitems=\count140
\c@minitems=\count141
\c@citecounter=\count142
\c@maxcitecounter=\count143
\c@savedcitecounter=\count144
\c@uniquelist=\count145
\c@uniquename=\count146
\c@refsection=\count147
\c@refsegment=\count148
\c@maxextratitle=\count149
\c@maxextratitleyear=\count150
\c@maxextraname=\count151
\c@maxextradate=\count152
\c@maxextraalpha=\count153
\c@abbrvpenalty=\count154
\c@highnamepenalty=\count155
\c@lownamepenalty=\count156
\c@maxparens=\count157
\c@parenlevel=\count158
\blx@tempcnta=\count159
\blx@tempcntb=\count160
\blx@tempcntc=\count161
\blx@maxsection=\count162
\blx@maxsegment@0=\count163
\blx@notetype=\count164
\blx@parenlevel@text=\count165
\blx@parenlevel@foot=\count166
\blx@sectionciteorder@0=\count167
\blx@entrysetcounter=\count168
\labelnumberwidth=\skip49
\labelalphawidth=\skip50
\biblabelsep=\skip51
\bibitemsep=\skip52
\bibnamesep=\skip53
\bibinitsep=\skip54
\bibparsep=\skip55
\bibhang=\skip56
\blx@bcfin=\read2
\blx@bcfout=\write3
\blx@langwohyphens=\language78
\c@mincomprange=\count169
\c@maxcomprange=\count170
\c@mincompwidth=\count171
Package biblatex Info: Trying to load biblatex default data model...
Package biblatex Info: ... file 'blx-dm.def' found.

("C:\Users\RubenMa\AppData\Local\Programs\MiKTeX 2.9\tex/latex/biblatex\blx-dm.
def"
File: blx-dm.def 2019/08/31 v3.13a biblatex localization (PK/MW)
)
Package biblatex Info: Trying to load biblatex style data model...
Package biblatex Info: ... file 'numeric-comp.dbx' not found.
Package biblatex Info: Trying to load biblatex custom data model...
Package biblatex Info: ... file 'biblatex-dm.cfg' not found.
\c@afterword=\count172
\c@savedafterword=\count173
\c@annotator=\count174
\c@savedannotator=\count175
\c@author=\count176
\c@savedauthor=\count177
\c@bookauthor=\count178
\c@savedbookauthor=\count179
\c@commentator=\count180
\c@savedcommentator=\count181
\c@editor=\count182
\c@savededitor=\count183
\c@editora=\count184
\c@savededitora=\count185
\c@editorb=\count186
\c@savededitorb=\count187
\c@editorc=\count188
\c@savededitorc=\count189
\c@foreword=\count190
\c@savedforeword=\count191
\c@holder=\count192
\c@savedholder=\count193
\c@introduction=\count194
\c@savedintroduction=\count195
\c@namea=\count196
\c@savednamea=\count197
\c@nameb=\count198
\c@savednameb=\count199
\c@namec=\count266
\c@savednamec=\count267
\c@translator=\count268
\c@savedtranslator=\count269
\c@shortauthor=\count270
\c@savedshortauthor=\count271
\c@shorteditor=\count272
\c@savedshorteditor=\count273
\c@labelname=\count274
\c@savedlabelname=\count275
\c@institution=\count276
\c@savedinstitution=\count277
\c@lista=\count278
\c@savedlista=\count279
\c@listb=\count280
\c@savedlistb=\count281
\c@listc=\count282
\c@savedlistc=\count283
\c@listd=\count284
\c@savedlistd=\count285
\c@liste=\count286
\c@savedliste=\count287
\c@listf=\count288
\c@savedlistf=\count289
\c@location=\count290
\c@savedlocation=\count291
\c@organization=\count292
\c@savedorganization=\count293
\c@origlocation=\count294
\c@savedoriglocation=\count295
\c@origpublisher=\count296
\c@savedorigpublisher=\count297
\c@publisher=\count298
\c@savedpublisher=\count299
\c@language=\count300
\c@savedlanguage=\count301
\c@origlanguage=\count302
\c@savedoriglanguage=\count303
\c@pageref=\count304
\c@savedpageref=\count305
\shorthandwidth=\skip57
\shortjournalwidth=\skip58
\shortserieswidth=\skip59
\shorttitlewidth=\skip60
\shortauthorwidth=\skip61
\shorteditorwidth=\skip62
\locallabelnumberwidth=\skip63
\locallabelalphawidth=\skip64
\localshorthandwidth=\skip65
\localshortjournalwidth=\skip66
\localshortserieswidth=\skip67
\localshorttitlewidth=\skip68
\localshortauthorwidth=\skip69
\localshorteditorwidth=\skip70
Package biblatex Info: Trying to load compatibility code...
Package biblatex Info: ... file 'blx-compat.def' found.

("C:\Users\RubenMa\AppData\Local\Programs\MiKTeX 2.9\tex/latex/biblatex\blx-com
pat.def"
File: blx-compat.def 2019/08/31 v3.13a biblatex compatibility (PK/MW)
)
Package biblatex Info: Trying to load generic definitions...
Package biblatex Info: ... file 'biblatex.def' found.

("C:\Users\RubenMa\AppData\Local\Programs\MiKTeX 2.9\tex/latex/biblatex\biblate
x.def"
File: biblatex.def 2019/08/31 v3.13a biblatex compatibility (PK/MW)
\c@textcitecount=\count306
\c@textcitetotal=\count307
\c@textcitemaxnames=\count308
\c@biburlbigbreakpenalty=\count309
\c@biburlbreakpenalty=\count310
\c@biburlnumpenalty=\count311
\c@biburlucpenalty=\count312
\c@biburllcpenalty=\count313
\biburlbigskip=\muskip12
\biburlnumskip=\muskip13
\biburlucskip=\muskip14
\biburllcskip=\muskip15
\c@smartand=\count314
)
Package biblatex Info: Trying to load bibliography style 'numeric-comp'...
Package biblatex Info: ... file 'numeric-comp.bbx' found.

("C:\Users\RubenMa\AppData\Local\Programs\MiKTeX 2.9\tex/latex/biblatex/bbx\num
eric-comp.bbx"
File: numeric-comp.bbx 2019/08/31 v3.13a biblatex bibliography style (PK/MW)
Package biblatex Info: Trying to load bibliography style 'numeric'...
Package biblatex Info: ... file 'numeric.bbx' found.

("C:\Users\RubenMa\AppData\Local\Programs\MiKTeX 2.9\tex/latex/biblatex/bbx\num
eric.bbx"
File: numeric.bbx 2019/08/31 v3.13a biblatex bibliography style (PK/MW)
Package biblatex Info: Trying to load bibliography style 'standard'...
Package biblatex Info: ... file 'standard.bbx' found.

("C:\Users\RubenMa\AppData\Local\Programs\MiKTeX 2.9\tex/latex/biblatex/bbx\sta
ndard.bbx"
File: standard.bbx 2019/08/31 v3.13a biblatex bibliography style (PK/MW)
\c@bbx:relatedcount=\count315
\c@bbx:relatedtotal=\count316
)))
Package biblatex Info: Trying to load citation style 'numeric-comp'...
Package biblatex Info: ... file 'numeric-comp.cbx' found.

("C:\Users\RubenMa\AppData\Local\Programs\MiKTeX 2.9\tex/latex/biblatex/cbx\num
eric-comp.cbx"
File: numeric-comp.cbx 2019/08/31 v3.13a biblatex citation style (PK/MW)
\c@cbx@tempcnta=\count317
\c@cbx@tempcntb=\count318
Package biblatex Info: Redefining '\cite'.
Package biblatex Info: Redefining '\parencite'.
Package biblatex Info: Redefining '\footcite'.
Package biblatex Info: Redefining '\footcitetext'.
Package biblatex Info: Redefining '\smartcite'.
Package biblatex Info: Redefining '\supercite'.
Package biblatex Info: Redefining '\textcite'.
Package biblatex Info: Redefining '\textcites'.
Package biblatex Info: Redefining '\cites'.
Package biblatex Info: Redefining '\parencites'.
Package biblatex Info: Redefining '\smartcites'.
)
Package biblatex Info: Trying to load configuration file...
Package biblatex Info: ... file 'biblatex.cfg' found.

("C:\Users\RubenMa\AppData\Local\Programs\MiKTeX 2.9\tex/latex/biblatex\biblate
x.cfg"
File: biblatex.cfg 
)) (../estilo/uclmTFGesi.sty

LaTeX Warning: You have requested package `../estilo/uclmTFGesi',
               but the package provides `uclmTFGesi'.

Package: uclmTFGesi 

("C:\Users\RubenMa\AppData\Local\Programs\MiKTeX 2.9\tex/latex/parskip\parskip.
sty"
Package: parskip 2020-01-22 v2.0d non-zero parskip adjustments
)
("C:\Users\RubenMa\AppData\Local\Programs\MiKTeX 2.9\tex/latex/xcolor\xcolor.st
y"
Package: xcolor 2016/05/11 v2.12 LaTeX color extensions (UK)

("C:\Users\RubenMa\AppData\Local\Programs\MiKTeX 2.9\tex/latex/graphics-cfg\col
or.cfg"
File: color.cfg 2016/01/02 v1.6 sample color configuration
)
Package xcolor Info: Package option `usenames' ignored on input line 216.
Package xcolor Info: Driver file: pdftex.def on input line 225.

("C:\Users\RubenMa\AppData\Local\Programs\MiKTeX 2.9\tex/latex/colortbl\colortb
l.sty"
Package: colortbl 2020/01/04 v1.0e Color table columns (DPC)
\everycr=\toks32
\minrowclearance=\skip71
)
\rownum=\count319
Package xcolor Info: Model `cmy' substituted by `cmy0' on input line 1348.
Package xcolor Info: Model `hsb' substituted by `rgb' on input line 1352.
Package xcolor Info: Model `RGB' extended on input line 1364.
Package xcolor Info: Model `HTML' substituted by `rgb' on input line 1366.
Package xcolor Info: Model `Hsb' substituted by `hsb' on input line 1367.
Package xcolor Info: Model `tHsb' substituted by `hsb' on input line 1368.
Package xcolor Info: Model `HSB' substituted by `hsb' on input line 1369.
Package xcolor Info: Model `Gray' substituted by `gray' on input line 1370.
Package xcolor Info: Model `wave' substituted by `hsb' on input line 1371.

("C:\Users\RubenMa\AppData\Local\Programs\MiKTeX 2.9\tex/latex/graphics\dvipsna
m.def"
File: dvipsnam.def 2016/06/17 v3.0m Driver-dependent file (DPC,SPQR)
)
("C:\Users\RubenMa\AppData\Local\Programs\MiKTeX 2.9\tex/latex/xcolor\svgnam.de
f"
File: svgnam.def 2016/05/11 v2.12 Predefined colors according to SVG 1.1 (UK)
)
("C:\Users\RubenMa\AppData\Local\Programs\MiKTeX 2.9\tex/latex/xcolor\x11nam.de
f"
File: x11nam.def 2016/05/11 v2.12 Predefined colors according to Unix/X11 (UK)
))
("C:\Users\RubenMa\AppData\Local\Programs\MiKTeX 2.9\tex/latex/fancyhdr\fancyhd
r.sty"
Package: fancyhdr 2019/01/31 v3.10 Extensive control of page headers and footer
s
\f@nch@headwidth=\skip72
\f@nch@O@elh=\skip73
\f@nch@O@erh=\skip74
\f@nch@O@olh=\skip75
\f@nch@O@orh=\skip76
\f@nch@O@elf=\skip77
\f@nch@O@erf=\skip78
\f@nch@O@olf=\skip79
\f@nch@O@orf=\skip80
)
("C:\Users\RubenMa\AppData\Local\Programs\MiKTeX 2.9\tex/latex/titlesec\titlese
c.sty"
Package: titlesec 2019/10/16 v2.13 Sectioning titles
\ttl@box=\box31
\beforetitleunit=\skip81
\aftertitleunit=\skip82
\ttl@plus=\dimen151
\ttl@minus=\dimen152
\ttl@toksa=\toks33
\titlewidth=\dimen153
\titlewidthlast=\dimen154
\titlewidthfirst=\dimen155
)
("C:\Users\RubenMa\AppData\Local\Programs\MiKTeX 2.9\tex/latex/sectsty\sectsty.
sty"
Package: sectsty 2002/02/25 v2.0.2 Commands to change all sectional heading sty
les

LaTeX Warning: Command \underbar  has changed.
               Check if current package is valid.


LaTeX Warning: Command \underline  has changed.
               Check if current package is valid.

)
("C:\Users\RubenMa\AppData\Local\Programs\MiKTeX 2.9\tex/latex/pgf/frontendlaye
r\tikz.sty"
("C:\Users\RubenMa\AppData\Local\Programs\MiKTeX 2.9\tex/latex/pgf/basiclayer\p
gf.sty"
("C:\Users\RubenMa\AppData\Local\Programs\MiKTeX 2.9\tex/latex/pgf/utilities\pg
frcs.sty"
("C:\Users\RubenMa\AppData\Local\Programs\MiKTeX 2.9\tex/generic/pgf/utilities\
pgfutil-common.tex"
\pgfutil@everybye=\toks34
\pgfutil@tempdima=\dimen156
\pgfutil@tempdimb=\dimen157

("C:\Users\RubenMa\AppData\Local\Programs\MiKTeX 2.9\tex/generic/pgf/utilities\
pgfutil-common-lists.tex"))
("C:\Users\RubenMa\AppData\Local\Programs\MiKTeX 2.9\tex/generic/pgf/utilities\
pgfutil-latex.def"
\pgfutil@abb=\box32
("C:\Users\RubenMa\AppData\Local\Programs\MiKTeX 2.9\tex/latex/ms\everyshi.sty"
Package: everyshi 2001/05/15 v3.00 EveryShipout Package (MS)
))
("C:\Users\RubenMa\AppData\Local\Programs\MiKTeX 2.9\tex/generic/pgf/utilities\
pgfrcs.code.tex"
("C:\Users\RubenMa\AppData\Local\Programs\MiKTeX 2.9\tex/generic/pgf\pgf.revisi
on.tex")
Package: pgfrcs 2020/01/08 v3.1.5b (3.1.5b)
))
Package: pgf 2020/01/08 v3.1.5b (3.1.5b)

("C:\Users\RubenMa\AppData\Local\Programs\MiKTeX 2.9\tex/latex/pgf/basiclayer\p
gfcore.sty"
("C:\Users\RubenMa\AppData\Local\Programs\MiKTeX 2.9\tex/latex/pgf/systemlayer\
pgfsys.sty"
("C:\Users\RubenMa\AppData\Local\Programs\MiKTeX 2.9\tex/generic/pgf/systemlaye
r\pgfsys.code.tex"
Package: pgfsys 2020/01/08 v3.1.5b (3.1.5b)

("C:\Users\RubenMa\AppData\Local\Programs\MiKTeX 2.9\tex/generic/pgf/utilities\
pgfkeys.code.tex"
\pgfkeys@pathtoks=\toks35
\pgfkeys@temptoks=\toks36

("C:\Users\RubenMa\AppData\Local\Programs\MiKTeX 2.9\tex/generic/pgf/utilities\
pgfkeysfiltered.code.tex"
\pgfkeys@tmptoks=\toks37
))
\pgf@x=\dimen158
\pgf@y=\dimen159
\pgf@xa=\dimen160
\pgf@ya=\dimen161
\pgf@xb=\dimen162
\pgf@yb=\dimen163
\pgf@xc=\dimen164
\pgf@yc=\dimen165
\pgf@xd=\dimen166
\pgf@yd=\dimen167
\w@pgf@writea=\write4
\r@pgf@reada=\read3
\c@pgf@counta=\count320
\c@pgf@countb=\count321
\c@pgf@countc=\count322
\c@pgf@countd=\count323
\t@pgf@toka=\toks38
\t@pgf@tokb=\toks39
\t@pgf@tokc=\toks40
\pgf@sys@id@count=\count324

("C:\Users\RubenMa\AppData\Local\Programs\MiKTeX 2.9\tex/generic/pgf/systemlaye
r\pgf.cfg"
File: pgf.cfg 2020/01/08 v3.1.5b (3.1.5b)
)
Driver file for pgf: pgfsys-pdftex.def

("C:\Users\RubenMa\AppData\Local\Programs\MiKTeX 2.9\tex/generic/pgf/systemlaye
r\pgfsys-pdftex.def"
File: pgfsys-pdftex.def 2020/01/08 v3.1.5b (3.1.5b)

("C:\Users\RubenMa\AppData\Local\Programs\MiKTeX 2.9\tex/generic/pgf/systemlaye
r\pgfsys-common-pdf.def"
File: pgfsys-common-pdf.def 2020/01/08 v3.1.5b (3.1.5b)
)))
("C:\Users\RubenMa\AppData\Local\Programs\MiKTeX 2.9\tex/generic/pgf/systemlaye
r\pgfsyssoftpath.code.tex"
File: pgfsyssoftpath.code.tex 2020/01/08 v3.1.5b (3.1.5b)
\pgfsyssoftpath@smallbuffer@items=\count325
\pgfsyssoftpath@bigbuffer@items=\count326
)
("C:\Users\RubenMa\AppData\Local\Programs\MiKTeX 2.9\tex/generic/pgf/systemlaye
r\pgfsysprotocol.code.tex"
File: pgfsysprotocol.code.tex 2020/01/08 v3.1.5b (3.1.5b)
))
("C:\Users\RubenMa\AppData\Local\Programs\MiKTeX 2.9\tex/generic/pgf/basiclayer
\pgfcore.code.tex"
Package: pgfcore 2020/01/08 v3.1.5b (3.1.5b)

("C:\Users\RubenMa\AppData\Local\Programs\MiKTeX 2.9\tex/generic/pgf/math\pgfma
th.code.tex"
("C:\Users\RubenMa\AppData\Local\Programs\MiKTeX 2.9\tex/generic/pgf/math\pgfma
thcalc.code.tex"
("C:\Users\RubenMa\AppData\Local\Programs\MiKTeX 2.9\tex/generic/pgf/math\pgfma
thutil.code.tex")
("C:\Users\RubenMa\AppData\Local\Programs\MiKTeX 2.9\tex/generic/pgf/math\pgfma
thparser.code.tex"
\pgfmath@dimen=\dimen168
\pgfmath@count=\count327
\pgfmath@box=\box33
\pgfmath@toks=\toks41
\pgfmath@stack@operand=\toks42
\pgfmath@stack@operation=\toks43
)
("C:\Users\RubenMa\AppData\Local\Programs\MiKTeX 2.9\tex/generic/pgf/math\pgfma
thfunctions.code.tex"
("C:\Users\RubenMa\AppData\Local\Programs\MiKTeX 2.9\tex/generic/pgf/math\pgfma
thfunctions.basic.code.tex")
("C:\Users\RubenMa\AppData\Local\Programs\MiKTeX 2.9\tex/generic/pgf/math\pgfma
thfunctions.trigonometric.code.tex")
("C:\Users\RubenMa\AppData\Local\Programs\MiKTeX 2.9\tex/generic/pgf/math\pgfma
thfunctions.random.code.tex")
("C:\Users\RubenMa\AppData\Local\Programs\MiKTeX 2.9\tex/generic/pgf/math\pgfma
thfunctions.comparison.code.tex")
("C:\Users\RubenMa\AppData\Local\Programs\MiKTeX 2.9\tex/generic/pgf/math\pgfma
thfunctions.base.code.tex")
("C:\Users\RubenMa\AppData\Local\Programs\MiKTeX 2.9\tex/generic/pgf/math\pgfma
thfunctions.round.code.tex")
("C:\Users\RubenMa\AppData\Local\Programs\MiKTeX 2.9\tex/generic/pgf/math\pgfma
thfunctions.misc.code.tex")
("C:\Users\RubenMa\AppData\Local\Programs\MiKTeX 2.9\tex/generic/pgf/math\pgfma
thfunctions.integerarithmetics.code.tex")))
("C:\Users\RubenMa\AppData\Local\Programs\MiKTeX 2.9\tex/generic/pgf/math\pgfma
thfloat.code.tex"
\c@pgfmathroundto@lastzeros=\count328
))
("C:\Users\RubenMa\AppData\Local\Programs\MiKTeX 2.9\tex/generic/pgf/math\pgfin
t.code.tex")
("C:\Users\RubenMa\AppData\Local\Programs\MiKTeX 2.9\tex/generic/pgf/basiclayer
\pgfcorepoints.code.tex"
File: pgfcorepoints.code.tex 2020/01/08 v3.1.5b (3.1.5b)
\pgf@picminx=\dimen169
\pgf@picmaxx=\dimen170
\pgf@picminy=\dimen171
\pgf@picmaxy=\dimen172
\pgf@pathminx=\dimen173
\pgf@pathmaxx=\dimen174
\pgf@pathminy=\dimen175
\pgf@pathmaxy=\dimen176
\pgf@xx=\dimen177
\pgf@xy=\dimen178
\pgf@yx=\dimen179
\pgf@yy=\dimen180
\pgf@zx=\dimen181
\pgf@zy=\dimen182
)
("C:\Users\RubenMa\AppData\Local\Programs\MiKTeX 2.9\tex/generic/pgf/basiclayer
\pgfcorepathconstruct.code.tex"
File: pgfcorepathconstruct.code.tex 2020/01/08 v3.1.5b (3.1.5b)
\pgf@path@lastx=\dimen183
\pgf@path@lasty=\dimen184
)
("C:\Users\RubenMa\AppData\Local\Programs\MiKTeX 2.9\tex/generic/pgf/basiclayer
\pgfcorepathusage.code.tex"
File: pgfcorepathusage.code.tex 2020/01/08 v3.1.5b (3.1.5b)
\pgf@shorten@end@additional=\dimen185
\pgf@shorten@start@additional=\dimen186
)
("C:\Users\RubenMa\AppData\Local\Programs\MiKTeX 2.9\tex/generic/pgf/basiclayer
\pgfcorescopes.code.tex"
File: pgfcorescopes.code.tex 2020/01/08 v3.1.5b (3.1.5b)
\pgfpic=\box34
\pgf@hbox=\box35
\pgf@layerbox@main=\box36
\pgf@picture@serial@count=\count329
)
("C:\Users\RubenMa\AppData\Local\Programs\MiKTeX 2.9\tex/generic/pgf/basiclayer
\pgfcoregraphicstate.code.tex"
File: pgfcoregraphicstate.code.tex 2020/01/08 v3.1.5b (3.1.5b)
\pgflinewidth=\dimen187
)
("C:\Users\RubenMa\AppData\Local\Programs\MiKTeX 2.9\tex/generic/pgf/basiclayer
\pgfcoretransformations.code.tex"
File: pgfcoretransformations.code.tex 2020/01/08 v3.1.5b (3.1.5b)
\pgf@pt@x=\dimen188
\pgf@pt@y=\dimen189
\pgf@pt@temp=\dimen190
)
("C:\Users\RubenMa\AppData\Local\Programs\MiKTeX 2.9\tex/generic/pgf/basiclayer
\pgfcorequick.code.tex"
File: pgfcorequick.code.tex 2020/01/08 v3.1.5b (3.1.5b)
)
("C:\Users\RubenMa\AppData\Local\Programs\MiKTeX 2.9\tex/generic/pgf/basiclayer
\pgfcoreobjects.code.tex"
File: pgfcoreobjects.code.tex 2020/01/08 v3.1.5b (3.1.5b)
)
("C:\Users\RubenMa\AppData\Local\Programs\MiKTeX 2.9\tex/generic/pgf/basiclayer
\pgfcorepathprocessing.code.tex"
File: pgfcorepathprocessing.code.tex 2020/01/08 v3.1.5b (3.1.5b)
)
("C:\Users\RubenMa\AppData\Local\Programs\MiKTeX 2.9\tex/generic/pgf/basiclayer
\pgfcorearrows.code.tex"
File: pgfcorearrows.code.tex 2020/01/08 v3.1.5b (3.1.5b)
\pgfarrowsep=\dimen191
)
("C:\Users\RubenMa\AppData\Local\Programs\MiKTeX 2.9\tex/generic/pgf/basiclayer
\pgfcoreshade.code.tex"
File: pgfcoreshade.code.tex 2020/01/08 v3.1.5b (3.1.5b)
\pgf@max=\dimen192
\pgf@sys@shading@range@num=\count330
\pgf@shadingcount=\count331
)
("C:\Users\RubenMa\AppData\Local\Programs\MiKTeX 2.9\tex/generic/pgf/basiclayer
\pgfcoreimage.code.tex"
File: pgfcoreimage.code.tex 2020/01/08 v3.1.5b (3.1.5b)

("C:\Users\RubenMa\AppData\Local\Programs\MiKTeX 2.9\tex/generic/pgf/basiclayer
\pgfcoreexternal.code.tex"
File: pgfcoreexternal.code.tex 2020/01/08 v3.1.5b (3.1.5b)
\pgfexternal@startupbox=\box37
))
("C:\Users\RubenMa\AppData\Local\Programs\MiKTeX 2.9\tex/generic/pgf/basiclayer
\pgfcorelayers.code.tex"
File: pgfcorelayers.code.tex 2020/01/08 v3.1.5b (3.1.5b)
)
("C:\Users\RubenMa\AppData\Local\Programs\MiKTeX 2.9\tex/generic/pgf/basiclayer
\pgfcoretransparency.code.tex"
File: pgfcoretransparency.code.tex 2020/01/08 v3.1.5b (3.1.5b)
)
("C:\Users\RubenMa\AppData\Local\Programs\MiKTeX 2.9\tex/generic/pgf/basiclayer
\pgfcorepatterns.code.tex"
File: pgfcorepatterns.code.tex 2020/01/08 v3.1.5b (3.1.5b)
)
("C:\Users\RubenMa\AppData\Local\Programs\MiKTeX 2.9\tex/generic/pgf/basiclayer
\pgfcorerdf.code.tex"
File: pgfcorerdf.code.tex 2020/01/08 v3.1.5b (3.1.5b)
)))
("C:\Users\RubenMa\AppData\Local\Programs\MiKTeX 2.9\tex/generic/pgf/modules\pg
fmoduleshapes.code.tex"
File: pgfmoduleshapes.code.tex 2020/01/08 v3.1.5b (3.1.5b)
\pgfnodeparttextbox=\box38
)
("C:\Users\RubenMa\AppData\Local\Programs\MiKTeX 2.9\tex/generic/pgf/modules\pg
fmoduleplot.code.tex"
File: pgfmoduleplot.code.tex 2020/01/08 v3.1.5b (3.1.5b)
)
("C:\Users\RubenMa\AppData\Local\Programs\MiKTeX 2.9\tex/latex/pgf/compatibilit
y\pgfcomp-version-0-65.sty"
Package: pgfcomp-version-0-65 2020/01/08 v3.1.5b (3.1.5b)
\pgf@nodesepstart=\dimen193
\pgf@nodesepend=\dimen194
)
("C:\Users\RubenMa\AppData\Local\Programs\MiKTeX 2.9\tex/latex/pgf/compatibilit
y\pgfcomp-version-1-18.sty"
Package: pgfcomp-version-1-18 2020/01/08 v3.1.5b (3.1.5b)
))
("C:\Users\RubenMa\AppData\Local\Programs\MiKTeX 2.9\tex/latex/pgf/utilities\pg
ffor.sty"
("C:\Users\RubenMa\AppData\Local\Programs\MiKTeX 2.9\tex/latex/pgf/utilities\pg
fkeys.sty"
("C:\Users\RubenMa\AppData\Local\Programs\MiKTeX 2.9\tex/generic/pgf/utilities\
pgfkeys.code.tex"))
("C:\Users\RubenMa\AppData\Local\Programs\MiKTeX 2.9\tex/latex/pgf/math\pgfmath
.sty"
("C:\Users\RubenMa\AppData\Local\Programs\MiKTeX 2.9\tex/generic/pgf/math\pgfma
th.code.tex"))
("C:\Users\RubenMa\AppData\Local\Programs\MiKTeX 2.9\tex/generic/pgf/utilities\
pgffor.code.tex"
Package: pgffor 2020/01/08 v3.1.5b (3.1.5b)

("C:\Users\RubenMa\AppData\Local\Programs\MiKTeX 2.9\tex/generic/pgf/math\pgfma
th.code.tex")
\pgffor@iter=\dimen195
\pgffor@skip=\dimen196
\pgffor@stack=\toks44
\pgffor@toks=\toks45
))
("C:\Users\RubenMa\AppData\Local\Programs\MiKTeX 2.9\tex/generic/pgf/frontendla
yer/tikz\tikz.code.tex"
Package: tikz 2020/01/08 v3.1.5b (3.1.5b)

("C:\Users\RubenMa\AppData\Local\Programs\MiKTeX 2.9\tex/generic/pgf/libraries\
pgflibraryplothandlers.code.tex"
File: pgflibraryplothandlers.code.tex 2020/01/08 v3.1.5b (3.1.5b)
\pgf@plot@mark@count=\count332
\pgfplotmarksize=\dimen197
)
\tikz@lastx=\dimen198
\tikz@lasty=\dimen199
\tikz@lastxsaved=\dimen256
\tikz@lastysaved=\dimen257
\tikz@lastmovetox=\dimen258
\tikz@lastmovetoy=\dimen259
\tikzleveldistance=\dimen260
\tikzsiblingdistance=\dimen261
\tikz@figbox=\box39
\tikz@figbox@bg=\box40
\tikz@tempbox=\box41
\tikz@tempbox@bg=\box42
\tikztreelevel=\count333
\tikznumberofchildren=\count334
\tikznumberofcurrentchild=\count335
\tikz@fig@count=\count336

("C:\Users\RubenMa\AppData\Local\Programs\MiKTeX 2.9\tex/generic/pgf/modules\pg
fmodulematrix.code.tex"
File: pgfmodulematrix.code.tex 2020/01/08 v3.1.5b (3.1.5b)
\pgfmatrixcurrentrow=\count337
\pgfmatrixcurrentcolumn=\count338
\pgf@matrix@numberofcolumns=\count339
)
\tikz@expandcount=\count340

("C:\Users\RubenMa\AppData\Local\Programs\MiKTeX 2.9\tex/generic/pgf/frontendla
yer/tikz/libraries\tikzlibrarytopaths.code.tex"
File: tikzlibrarytopaths.code.tex 2020/01/08 v3.1.5b (3.1.5b)
)))
("C:\Users\RubenMa\AppData\Local\Programs\MiKTeX 2.9\tex/latex/enumitem\enumite
m.sty"
Package: enumitem 2019/06/20 v3.9 Customized lists
\labelindent=\skip83
\enit@outerparindent=\dimen262
\enit@toks=\toks46
\enit@inbox=\box43
\enit@count@id=\count341
\enitdp@description=\count342
)
("C:\Users\RubenMa\AppData\Local\Programs\MiKTeX 2.9\tex/latex/tools\multicol.s
ty"
Package: multicol 2019/03/01 v1.8w multicolumn formatting (FMi)
\c@tracingmulticols=\count343
\mult@box=\box44
\multicol@leftmargin=\dimen263
\c@unbalance=\count344
\c@collectmore=\count345
\doublecol@number=\count346
\multicoltolerance=\count347
\multicolpretolerance=\count348
\full@width=\dimen264
\page@free=\dimen265
\premulticols=\dimen266
\postmulticols=\dimen267
\multicolsep=\skip84
\multicolbaselineskip=\skip85
\partial@page=\box45
\last@line=\box46
\maxbalancingoverflow=\dimen268
\mult@rightbox=\box47
\mult@grightbox=\box48
\mult@gfirstbox=\box49
\mult@firstbox=\box50
\@tempa=\box51
\@tempa=\box52
\@tempa=\box53
\@tempa=\box54
\@tempa=\box55
\@tempa=\box56
\@tempa=\box57
\@tempa=\box58
\@tempa=\box59
\@tempa=\box60
\@tempa=\box61
\@tempa=\box62
\@tempa=\box63
\@tempa=\box64
\@tempa=\box65
\@tempa=\box66
\@tempa=\box67
\c@minrows=\count349
\c@columnbadness=\count350
\c@finalcolumnbadness=\count351
\last@try=\dimen269
\multicolovershoot=\dimen270
\multicolundershoot=\dimen271
\mult@nat@firstbox=\box68
\colbreak@box=\box69
\mc@col@check@num=\count352
)
("C:\Users\RubenMa\AppData\Local\Programs\MiKTeX 2.9\tex/latex/csquotes\csquote
s.sty"
Package: csquotes 2019-12-06 v5.2j context-sensitive quotations (JAW)
\csq@reset=\count353
\csq@gtype=\count354
\csq@glevel=\count355
\csq@qlevel=\count356
\csq@maxlvl=\count357
\csq@tshold=\count358
\csq@ltx@everypar=\toks47

("C:\Users\RubenMa\AppData\Local\Programs\MiKTeX 2.9\tex/latex/csquotes\csquote
s.def"
File: csquotes.def 2019-12-06 v5.2j csquotes generic definitions (JAW)
)
Package csquotes Info: Trying to load configuration file 'csquotes.cfg'...
Package csquotes Info: ... configuration file loaded successfully.

("C:\Users\RubenMa\AppData\Local\Programs\MiKTeX 2.9\tex/latex/csquotes\csquote
s.cfg"
File: csquotes.cfg 
)
Package csquotes Info: Enabling multilingual quotes.
)
("C:\Users\RubenMa\AppData\Local\Programs\MiKTeX 2.9\tex/latex/hyperref\hyperre
f.sty"
Package: hyperref 2019/11/10 v7.00c Hypertext links for LaTeX

("C:\Users\RubenMa\AppData\Local\Programs\MiKTeX 2.9\tex/generic/oberdiek\kvdef
inekeys.sty"
Package: kvdefinekeys 2016/05/16 v1.4 Define keys (HO)
)
("C:\Users\RubenMa\AppData\Local\Programs\MiKTeX 2.9\tex/generic/oberdiek\pdfes
cape.sty"
Package: pdfescape 2016/05/16 v1.14 Implements pdfTeX's escape features (HO)
)
("C:\Users\RubenMa\AppData\Local\Programs\MiKTeX 2.9\tex/latex/oberdiek\hycolor
.sty"
Package: hycolor 2016/05/16 v1.8 Color options for hyperref/bookmark (HO)

("C:\Users\RubenMa\AppData\Local\Programs\MiKTeX 2.9\tex/latex/oberdiek\xcolor-
patch.sty"
Package: xcolor-patch 2016/05/16 xcolor patch

("C:\Users\RubenMa\AppData\Local\Programs\MiKTeX 2.9\tex/latex/oberdiek\hopatch
.sty"
Package: hopatch 2016/05/16 v1.3 Wrapper for package hooks (HO)
)))
("C:\Users\RubenMa\AppData\Local\Programs\MiKTeX 2.9\tex/latex/oberdiek\letltxm
acro.sty"
Package: letltxmacro 2016/05/16 v1.5 Let assignment for LaTeX macros (HO)
)
("C:\Users\RubenMa\AppData\Local\Programs\MiKTeX 2.9\tex/latex/oberdiek\auxhook
.sty"
Package: auxhook 2016/05/16 v1.4 Hooks for auxiliary files (HO)
)
\@linkdim=\dimen272
\Hy@linkcounter=\count359
\Hy@pagecounter=\count360

("C:\Users\RubenMa\AppData\Local\Programs\MiKTeX 2.9\tex/latex/hyperref\pd1enc.
def"
File: pd1enc.def 2019/11/10 v7.00c Hyperref: PDFDocEncoding definition (HO)
Now handling font encoding PD1 ...
... no UTF-8 mapping file for font encoding PD1
)
("C:\Users\RubenMa\AppData\Local\Programs\MiKTeX 2.9\tex/generic/oberdiek\intca
lc.sty"
Package: intcalc 2016/05/16 v1.2 Expandable calculations with integers (HO)
)
\Hy@SavedSpaceFactor=\count361

("C:\Users\RubenMa\AppData\Local\Programs\MiKTeX 2.9\tex/latex/00miktex\hyperre
f.cfg"
File: hyperref.cfg 2002/06/06 v1.2 hyperref configuration of TeXLive
)
Package hyperref Info: Option `final' set `true' on input line 4409.
Package hyperref Info: Option `breaklinks' set `true' on input line 4409.
Package hyperref Info: Option `bookmarksnumbered' set `true' on input line 4409
.
Package hyperref Info: Hyper figures OFF on input line 4535.
Package hyperref Info: Link nesting OFF on input line 4540.
Package hyperref Info: Hyper index ON on input line 4543.
Package hyperref Info: Plain pages OFF on input line 4550.
Package hyperref Info: Backreferencing OFF on input line 4555.
Package hyperref Info: Implicit mode ON; LaTeX internals redefined.
Package hyperref Info: Bookmarks ON on input line 4788.
\c@Hy@tempcnt=\count362
LaTeX Info: Redefining \url on input line 5147.
\XeTeXLinkMargin=\dimen273

("C:\Users\RubenMa\AppData\Local\Programs\MiKTeX 2.9\tex/generic/oberdiek\bitse
t.sty"
Package: bitset 2016/05/16 v1.2 Handle bit-vector datatype (HO)

("C:\Users\RubenMa\AppData\Local\Programs\MiKTeX 2.9\tex/generic/oberdiek\bigin
tcalc.sty"
Package: bigintcalc 2016/05/16 v1.4 Expandable calculations on big integers (HO
)
))
\Fld@menulength=\count363
\Field@Width=\dimen274
\Fld@charsize=\dimen275
Package hyperref Info: Hyper figures OFF on input line 6418.
Package hyperref Info: Link nesting OFF on input line 6423.
Package hyperref Info: Hyper index ON on input line 6426.
Package hyperref Info: backreferencing OFF on input line 6433.
Package hyperref Info: Link coloring OFF on input line 6438.
Package hyperref Info: Link coloring with OCG OFF on input line 6443.
Package hyperref Info: PDF/A mode OFF on input line 6448.
LaTeX Info: Redefining \ref on input line 6488.
LaTeX Info: Redefining \pageref on input line 6492.

("C:\Users\RubenMa\AppData\Local\Programs\MiKTeX 2.9\tex/generic/oberdiek\atbeg
shi.sty"
Package: atbegshi 2016/06/09 v1.18 At begin shipout hook (HO)

("C:\Users\RubenMa\AppData\Local\Programs\MiKTeX 2.9\tex/generic/iftex\ifpdf.st
y"
Package: ifpdf 2019/10/25 v3.4 ifpdf legacy package. Use iftex instead.
))
\Hy@abspage=\count364
\c@Item=\count365
\c@Hfootnote=\count366
)
Package hyperref Info: Driver: hpdftex.

("C:\Users\RubenMa\AppData\Local\Programs\MiKTeX 2.9\tex/latex/hyperref\hpdftex
.def"
File: hpdftex.def 2019/11/10 v7.00c Hyperref driver for pdfTeX

("C:\Users\RubenMa\AppData\Local\Programs\MiKTeX 2.9\tex/latex/oberdiek\atverye
nd.sty"
Package: atveryend 2016/05/16 v1.9 Hooks at the very end of document (HO)
)
\Fld@listcount=\count367
\c@bookmark@seq@number=\count368

("C:\Users\RubenMa\AppData\Local\Programs\MiKTeX 2.9\tex/latex/oberdiek\rerunfi
lecheck.sty"
Package: rerunfilecheck 2016/05/16 v1.8 Rerun checks for auxiliary files (HO)

("C:\Users\RubenMa\AppData\Local\Programs\MiKTeX 2.9\tex/generic/oberdiek\uniqu
ecounter.sty"
Package: uniquecounter 2016/05/16 v1.3 Provide unlimited unique counter (HO)
)
Package uniquecounter Info: New unique counter `rerunfilecheck' on input line 2
85.
)
\Hy@SectionHShift=\skip86
)
("C:\Users\RubenMa\AppData\Local\Programs\MiKTeX 2.9\tex/latex/pdfpages\pdfpage
s.sty"
Package: pdfpages 2020/01/28 v0.5q Insert pages of external PDF documents (AM)
("C:\Users\RubenMa\AppData\Local\Programs\MiKTeX 2.9\tex/latex/tools\calc.sty"
Package: calc 2017/05/25 v4.3 Infix arithmetic (KKT,FJ)
\calc@Acount=\count369
\calc@Bcount=\count370
\calc@Adimen=\dimen276
\calc@Bdimen=\dimen277
\calc@Askip=\skip87
\calc@Bskip=\skip88
LaTeX Info: Redefining \setlength on input line 80.
LaTeX Info: Redefining \addtolength on input line 81.
\calc@Ccount=\count371
\calc@Cskip=\skip89
)
("C:\Users\RubenMa\AppData\Local\Programs\MiKTeX 2.9\tex/latex/eso-pic\eso-pic.
sty"
Package: eso-pic 2018/04/12 v2.0h eso-pic (RN)
)
\AM@pagewidth=\dimen278
\AM@pageheight=\dimen279

("C:\Users\RubenMa\AppData\Local\Programs\MiKTeX 2.9\tex/latex/pdfpages\pppdfte
x.def"
File: pppdftex.def 2020/01/28 v0.5q Pdfpages driver for pdfTeX (AM)
)
\AM@pagebox=\box70
\AM@global@opts=\toks48
\AM@pagecnt=\count372
\AM@toc@title=\toks49
\c@AM@survey=\count373
\AM@templatesizebox=\box71
)
("C:\Users\RubenMa\AppData\Local\Programs\MiKTeX 2.9\tex/latex/listings\listing
s.sty"
\lst@mode=\count374
\lst@gtempboxa=\box72
\lst@token=\toks50
\lst@length=\count375
\lst@currlwidth=\dimen280
\lst@column=\count376
\lst@pos=\count377
\lst@lostspace=\dimen281
\lst@width=\dimen282
\lst@newlines=\count378
\lst@lineno=\count379
\lst@maxwidth=\dimen283

("C:\Users\RubenMa\AppData\Local\Programs\MiKTeX 2.9\tex/latex/listings\lstmisc
.sty"
File: lstmisc.sty 2019/09/10 1.8c (Carsten Heinz)
\c@lstnumber=\count380
\lst@skipnumbers=\count381
\lst@framebox=\box73
)
("C:\Users\RubenMa\AppData\Local\Programs\MiKTeX 2.9\tex/latex/listings\listing
s.cfg"
File: listings.cfg 2019/09/10 1.8c listings configuration
))
Package: listings 2019/09/10 1.8c (Carsten Heinz)

("C:\Users\RubenMa\AppData\Local\Programs\MiKTeX 2.9\tex/latex/algorithm2e\algo
rithm2e.sty"
Package: algorithm2e 2017/07/18 v5.2 algorithms environments
\c@AlgoLine=\count382
\algocf@hangindent=\skip90

("C:\Users\RubenMa\AppData\Local\Programs\MiKTeX 2.9\tex/latex/ifoddpage\ifoddp
age.sty"
Package: ifoddpage 2016/04/23 v1.1 Conditionals for odd/even page detection
\c@checkoddpage=\count383
) ("C:\Users\RubenMa\AppData\Local\Programs\MiKTeX 2.9\tex/latex/tools\xspace.s
ty"
Package: xspace 2014/10/28 v1.13 Space after command names (DPC,MH)
)
("C:\Users\RubenMa\AppData\Local\Programs\MiKTeX 2.9\tex/latex/relsize\relsize.
sty"
Package: relsize 2013/03/29 ver 4.1
)
\skiptotal=\skip91
\skiplinenumber=\skip92
\skiprule=\skip93
\skiphlne=\skip94
\skiptext=\skip95
\skiplength=\skip96
\algomargin=\skip97
\skipalgocfslide=\skip98
\algowidth=\dimen284
\inoutsize=\dimen285
\inoutindent=\dimen286
\interspacetitleruled=\dimen287
\interspacealgoruled=\dimen288
\interspacetitleboxruled=\dimen289
\algocf@ruledwidth=\skip99
\algocf@inoutbox=\box74
\algocf@inputbox=\box75
\AlCapSkip=\skip100
\AlCapHSkip=\skip101
\algoskipindent=\skip102
\algocf@nlbox=\box76
\algocf@hangingbox=\box77
\algocf@untilbox=\box78
\algocf@skipuntil=\skip103
\algocf@capbox=\box79
\algocf@lcaptionbox=\skip104
\algoheightruledefault=\skip105
\algoheightrule=\skip106
\algotitleheightruledefault=\skip107
\algotitleheightrule=\skip108
\c@algocfline=\count384
\c@algocfproc=\count385
\c@algocf=\count386
\algocf@algoframe=\box80
\algocf@algobox=\box81
)
("C:\Users\RubenMa\AppData\Local\Programs\MiKTeX 2.9\tex/generic/pgf/frontendla
yer/tikz/libraries\tikzlibraryshadows.code.tex"
File: tikzlibraryshadows.code.tex 2020/01/08 v3.1.5b (3.1.5b)

("C:\Users\RubenMa\AppData\Local\Programs\MiKTeX 2.9\tex/generic/pgf/frontendla
yer/tikz/libraries\tikzlibraryfadings.code.tex"
File: tikzlibraryfadings.code.tex 2020/01/08 v3.1.5b (3.1.5b)

("C:\Users\RubenMa\AppData\Local\Programs\MiKTeX 2.9\tex/generic/pgf/libraries\
pgflibraryfadings.code.tex"
File: pgflibraryfadings.code.tex 2020/01/08 v3.1.5b (3.1.5b)
))))
Package hyperref Info: Option `pdftoolbar' set `true' on input line 112.
Package hyperref Info: Option `pdfmenubar' set `true' on input line 112.
Package biblatex Info: Trying to load language 'spanish'...
Package biblatex Info: ... file 'spanish.lbx' found.

("C:\Users\RubenMa\AppData\Local\Programs\MiKTeX 2.9\tex/latex/biblatex/lbx\spa
nish.lbx"
File: spanish.lbx 2019/08/31 v3.13a biblatex localization (PK/MW)
)
Package biblatex Info: Trying to load language 'english'...
Package biblatex Info: ... file 'english.lbx' found.

("C:\Users\RubenMa\AppData\Local\Programs\MiKTeX 2.9\tex/latex/biblatex/lbx\eng
lish.lbx"
File: english.lbx 2019/08/31 v3.13a biblatex localization (PK/MW)
)
Package csquotes Info: Checking for multilingual support...
Package csquotes Info: ... found 'babel' package.
(PrincipalTFG.aux
LaTeX Info: Redefining \sptext on input line 29.
LaTeX Info: Redefining \. on input line 29.
LaTeX Info: Redefining \% on input line 29.
LaTeX Info: Redefining \sptext on input line 30.
LaTeX Info: Redefining \. on input line 30.
LaTeX Info: Redefining \% on input line 30.
LaTeX Info: Redefining \sptext on input line 34.
LaTeX Info: Redefining \. on input line 34.
LaTeX Info: Redefining \% on input line 34.
)
\openout1 = `PrincipalTFG.aux'.

LaTeX Font Info:    Checking defaults for OML/nxlmi/m/it on input line 120.
LaTeX Font Info:    Trying to load font information for OML+nxlmi on input line
 120.

("C:\Users\RubenMa\AppData\Local\Programs\MiKTeX 2.9\tex/latex/newtx\omlnxlmi.f
d"
File: omlnxlmi.fd 2013/11/19 Fontinst v1.933 font definitions for OML/nxlmi.
)
LaTeX Font Info:    ... okay on input line 120.
LaTeX Font Info:    Checking defaults for T1/cmr/m/n on input line 120.
LaTeX Font Info:    ... okay on input line 120.
LaTeX Font Info:    Checking defaults for OT1/cmr/m/n on input line 120.
LaTeX Font Info:    ... okay on input line 120.
LaTeX Font Info:    Checking defaults for OMS/cmsy/m/n on input line 120.
LaTeX Font Info:    ... okay on input line 120.
LaTeX Font Info:    Checking defaults for OMX/cmex/m/n on input line 120.
LaTeX Font Info:    ... okay on input line 120.
LaTeX Font Info:    Checking defaults for U/ntxexa/m/n on input line 120.
LaTeX Font Info:    Trying to load font information for U+ntxexa on input line 
120.
("C:\Users\RubenMa\AppData\Local\Programs\MiKTeX 2.9\tex/latex/newtx\untxexa.fd
"
File: untxexa.fd 2012/04/16 Fontinst v1.933 font definitions for U/ntxexa.
)
LaTeX Font Info:    ... okay on input line 120.
LaTeX Font Info:    Checking defaults for TS1/cmr/m/n on input line 120.
LaTeX Font Info:    Trying to load font information for TS1+cmr on input line 1
20.
("C:\Users\RubenMa\AppData\Local\Programs\MiKTeX 2.9\tex/latex/base\ts1cmr.fd"
File: ts1cmr.fd 2014/09/29 v2.5h Standard LaTeX font definitions
)
LaTeX Font Info:    ... okay on input line 120.
LaTeX Font Info:    Checking defaults for LMS/ntxsy/m/n on input line 120.
LaTeX Font Info:    Trying to load font information for LMS+ntxsy on input line
 120.

("C:\Users\RubenMa\AppData\Local\Programs\MiKTeX 2.9\tex/latex/newtx\lmsntxsy.f
d"
File: lmsntxsy.fd 2016/07/02 Fontinst v1.933 font definitions for LMS/ntxsy.
)
LaTeX Font Info:    ... okay on input line 120.
LaTeX Font Info:    Checking defaults for LMX/ntxexx/m/n on input line 120.
LaTeX Font Info:    Trying to load font information for LMX+ntxexx on input lin
e 120.

("C:\Users\RubenMa\AppData\Local\Programs\MiKTeX 2.9\tex/latex/newtx\lmxntxexx.
fd"
File: lmxntxexx.fd 2016/07/03 Fontinst v1.933 font definitions for LMX/ntxexx.
)
LaTeX Font Info:    ... okay on input line 120.
LaTeX Font Info:    Checking defaults for PD1/pdf/m/n on input line 120.
LaTeX Font Info:    ... okay on input line 120.
LaTeX Font Info:    Trying to load font information for T1+LinuxLibertineT-TLF 
on input line 120.

("C:\Users\RubenMa\AppData\Local\Programs\MiKTeX 2.9\tex/latex/libertine\t1linu
xlibertinet-tlf.fd"
File: T1LinuxLibertineT-TLF.fd 2017/03/20 (autoinst) Font definitions for T1/Li
nuxLibertineT-TLF.
)
LaTeX Font Info:    Font shape `T1/LinuxLibertineT-TLF/m/n' will be
(Font)              scaled to size 10.95pt on input line 120.
LaTeX Info: Redefining \sptext on input line 120.
LaTeX Info: Redefining \. on input line 120.
LaTeX Info: Redefining \% on input line 120.
*geometry* driver: auto-detecting
*geometry* detected driver: pdftex
*geometry* verbose mode - [ preamble ] result:
* driver: pdftex
* paper: a4paper
* layout: <same size as paper>
* layoutoffset:(h,v)=(0.0pt,0.0pt)
* modes: twoside 
* h-part:(L,W,R)=(99.58464pt, 441.01773pt, 56.9055pt)
* v-part:(T,H,B)=(71.13188pt, 702.78308pt, 71.13188pt)
* \paperwidth=597.50787pt
* \paperheight=845.04684pt
* \textwidth=441.01773pt
* \textheight=702.78308pt
* \oddsidemargin=27.31465pt
* \evensidemargin=-15.36449pt
* \topmargin=-33.0119pt
* \headheight=18.0pt
* \headsep=19.8738pt
* \topskip=11.0pt
* \footskip=27.46295pt
* \marginparwidth=106.0pt
* \marginparsep=7.0pt
* \columnsep=10.0pt
* \skip\footins=10.0pt plus 4.0pt minus 2.0pt
* \hoffset=0.0pt
* \voffset=0.0pt
* \mag=1000
* \@twocolumnfalse
* \@twosidetrue
* \@mparswitchtrue
* \@reversemarginfalse
* (1in=72.27pt=25.4mm, 1cm=28.453pt)

\c@mv@tabular=\count387
\c@mv@boldtabular=\count388
LaTeX Info: Redefining \microtypecontext on input line 120.
Package microtype Info: Generating PDF output.
Package microtype Info: Character protrusion enabled (level 2).
Package microtype Info: Using default protrusion set `alltext'.
Package microtype Info: Automatic font expansion enabled (level 2),
(microtype)             stretch: 20, shrink: 20, step: 1, non-selected.
Package microtype Info: Using default expansion set `basictext'.
LaTeX Info: Redefining \showhyphens on input line 120.
Package microtype Info: No adjustment of tracking.
Package microtype Info: No adjustment of interword spacing.
Package microtype Info: No adjustment of character kerning.
Package microtype Info: Loading generic protrusion settings for font family
(microtype)             `LinuxLibertineT-TLF' (encoding: T1).
(microtype)             For optimal results, create family-specific settings.
(microtype)             See the microtype manual for details.

("C:\Users\RubenMa\AppData\Local\Programs\MiKTeX 2.9\tex/context/base/mkii\supp
-pdf.mkii"
[Loading MPS to PDF converter (version 2006.09.02).]
\scratchcounter=\count389
\scratchdimen=\dimen290
\scratchbox=\box82
\nofMPsegments=\count390
\nofMParguments=\count391
\everyMPshowfont=\toks51
\MPscratchCnt=\count392
\MPscratchDim=\dimen291
\MPnumerator=\count393
\makeMPintoPDFobject=\count394
\everyMPtoPDFconversion=\toks52
)
("C:\Users\RubenMa\AppData\Local\Programs\MiKTeX 2.9\tex/latex/epstopdf-pkg\eps
topdf-base.sty"
Package: epstopdf-base 2019/11/24 v2.7 Base part for package epstopdf

("C:\Users\RubenMa\AppData\Local\Programs\MiKTeX 2.9\tex/latex/oberdiek\grfext.
sty"
Package: grfext 2016/05/16 v1.2 Manage graphics extensions (HO)
)
Package epstopdf-base Info: Redefining graphics rule for `.eps' on input line 4
42.
Package grfext Info: Graphics extension search list:
(grfext)             [.pdf,.png,.jpg,.jpeg,.eps]
(grfext)             \AppendGraphicsExtensions on input line 460.
)
Package caption Info: Begin \AtBeginDocument code.
Package caption Info: hyperref package is loaded.
Package caption Info: listings package is loaded.
Package caption Info: End \AtBeginDocument code.
Package biblatex Info: Input encoding 'utf8' detected.
Package biblatex Info: Automatic encoding selection.
(biblatex)             Assuming data encoding 'utf8'.
\openout3 = `PrincipalTFG.bcf'.

Package biblatex Info: Trying to load bibliographic data...
Package biblatex Info: ... file 'PrincipalTFG.bbl' found.
(PrincipalTFG.bbl)
Package biblatex Info: Reference section=0 on input line 120.
Package biblatex Info: Reference segment=0 on input line 120.
Couldn't patch \ttl@straight@ii
Couldn't patch \ttl@straight@ii
ABD: EveryShipout initializing macros
\AtBeginShipoutBox=\box83
Package hyperref Info: Link coloring OFF on input line 120.

("C:\Users\RubenMa\AppData\Local\Programs\MiKTeX 2.9\tex/latex/hyperref\nameref
.sty"
Package: nameref 2019/09/16 v2.46 Cross-referencing by name of section

("C:\Users\RubenMa\AppData\Local\Programs\MiKTeX 2.9\tex/latex/oberdiek\refcoun
t.sty"
Package: refcount 2016/05/16 v3.5 Data extraction from label references (HO)
)
("C:\Users\RubenMa\AppData\Local\Programs\MiKTeX 2.9\tex/generic/oberdiek\getti
tlestring.sty"
Package: gettitlestring 2016/05/16 v1.5 Cleanup title references (HO)
)
\c@section@level=\count395
)
LaTeX Info: Redefining \ref on input line 120.
LaTeX Info: Redefining \pageref on input line 120.
LaTeX Info: Redefining \nameref on input line 120.
(PrincipalTFG.out) (PrincipalTFG.out)
\@outlinefile=\write5
\openout5 = `PrincipalTFG.out'.


("C:\Users\RubenMa\AppData\Local\Programs\MiKTeX 2.9\tex/latex/oberdiek\pdflsca
pe.sty"
Package: pdflscape 2016/05/14 v0.11 Display of landscape pages in PDF (HO)

("C:\Users\RubenMa\AppData\Local\Programs\MiKTeX 2.9\tex/latex/graphics\lscape.
sty"
Package: lscape 2000/10/22 v3.01 Landscape Pages (DPC)
)
Package pdflscape Info: Auto-detected driver: pdftex on input line 84.
)
\c@lstlisting=\count396
<../figuras/escudoInf.pdf, id=52, 571.13374pt x 690.58pt>
File: ../figuras/escudoInf.pdf Graphic file (type pdf)
<use ../figuras/escudoInf.pdf>
Package pdftex.def Info: ../figuras/escudoInf.pdf  used on input line 132.
(pdftex.def)             Requested size: 99.58464pt x 120.41074pt.
LaTeX Font Info:    Font shape `T1/LinuxLibertineT-TLF/m/n' will be
(Font)              scaled to size 17.28pt on input line 132.
LaTeX Font Info:    Font shape `T1/LinuxLibertineT-TLF/b/n' will be
(Font)              scaled to size 17.28pt on input line 132.
LaTeX Font Info:    Font shape `T1/LinuxLibertineT-TLF/m/n' will be
(Font)              scaled to size 12.0pt on input line 132.
LaTeX Font Info:    Font shape `T1/LinuxLibertineT-TLF/b/n' will be
(Font)              scaled to size 12.0pt on input line 132.
LaTeX Font Info:    Font shape `T1/LinuxLibertineT-TLF/m/n' will be
(Font)              scaled to size 14.4pt on input line 132.
[1



{C:/Users/RubenMa/AppData/Local/MiKTeX/2.9/pdftex/config/pdftex.map} <../figura
s/escudoInf.pdf>] [2

]
File: ../figuras/escudoInf.pdf Graphic file (type pdf)
<use ../figuras/escudoInf.pdf>
Package pdftex.def Info: ../figuras/escudoInf.pdf  used on input line 134.
(pdftex.def)             Requested size: 99.58464pt x 120.41074pt.
LaTeX Font Info:    Font shape `T1/LinuxLibertineT-TLF/b/n' will be
(Font)              scaled to size 14.4pt on input line 134.
[3] (Creditos.tex)
LaTeX Font Info:    Font shape `T1/LinuxLibertineT-TLF/m/sc' will be
(Font)              scaled to size 17.28pt on input line 145.

("C:\Users\RubenMa\AppData\Local\Programs\MiKTeX 2.9\tex/latex/libertine\ot1lin
uxlibertinet-tlf.fd") ("C:\Users\RubenMa\AppData\Local\Programs\MiKTeX 2.9\tex/
latex/newtx\untxmia.fd") ("C:\Users\RubenMa\AppData\Local\Programs\MiKTeX 2.9\t
ex/latex/newtx\untxsym.fd") ("C:\Users\RubenMa\AppData\Local\Programs\MiKTeX 2.
9\tex/latex/newtx\untxsyc.fd") [4]
LaTeX Font Info:    Font shape `T1/LinuxLibertineT-TLF/m/it' will be
(Font)              scaled to size 10.95pt on input line 148.
[5

] [6

] (Resumen.tex
LaTeX Info: Redefining \sptext on input line 11.
LaTeX Info: Redefining \. on input line 11.
LaTeX Info: Redefining \% on input line 11.
LaTeX Font Info:    Font shape `T1/LinuxLibertineT-TLF/b/n' will be
(Font)              scaled to size 10.95pt on input line 16.
LaTeX Font Info:    Trying to load font information for T1+LinuxBiolinumT-TLF o
n input line 16.

("C:\Users\RubenMa\AppData\Local\Programs\MiKTeX 2.9\tex/latex/libertine\t1linu
xbiolinumt-tlf.fd"
File: T1LinuxBiolinumT-TLF.fd 2017/03/20 (autoinst) Font definitions for T1/Lin
uxBiolinumT-TLF.
)
LaTeX Font Info:    Font shape `T1/LinuxBiolinumT-TLF/b/n' will be
(Font)              scaled to size 10.95pt on input line 16.
Package microtype Info: Loading generic protrusion settings for font family
(microtype)             `LinuxBiolinumT-TLF' (encoding: T1).
(microtype)             For optimal results, create family-specific settings.
(microtype)             See the microtype manual for details.
LaTeX Font Info:    Font shape `T1/LinuxLibertineT-TLF/m/sc' will be
(Font)              scaled to size 10.95pt on input line 25.
[7


] [8

]pdfTeX warning (ext4): destination with the same identifier (name{idx_resumen.
0}) has been already used, duplicate ignored
<to be read again> 
                   \relax 
l.26 \pdfbookmark[0]{Resumen}{idx_resumen}
                                          	% Bookmark en PDF
LaTeX Info: Redefining \sptext on input line 38.
LaTeX Info: Redefining \. on input line 38.
LaTeX Info: Redefining \% on input line 38.
) (Agradecimientos.tex [9

] [10

]
LaTeX Font Info:    Font shape `T1/LinuxLibertineT-TLF/b/n' will be
(Font)              scaled to size 24.88pt on input line 10.
LaTeX Font Info:    Font shape `T1/LinuxBiolinumT-TLF/b/n' will be
(Font)              scaled to size 24.88pt on input line 10.
)

Package caption Warning: Unused \captionsetup[table] on input line 70.
See the caption package documentation for explanation.

[11

]
Package atveryend Info: Empty hook `BeforeClearDocument' on input line 167.
Package atveryend Info: Empty hook `AfterLastShipout' on input line 167.
(PrincipalTFG.aux
LaTeX Info: Redefining \sptext on input line 29.
LaTeX Info: Redefining \. on input line 29.
LaTeX Info: Redefining \% on input line 29.
LaTeX Info: Redefining \sptext on input line 30.
LaTeX Info: Redefining \. on input line 30.
LaTeX Info: Redefining \% on input line 30.
LaTeX Info: Redefining \sptext on input line 34.
LaTeX Info: Redefining \. on input line 34.
LaTeX Info: Redefining \% on input line 34.
)
Package atveryend Info: Executing hook `AtVeryEndDocument' on input line 167.
Package atveryend Info: Executing hook `AtEndAfterFileList' on input line 167.
Package rerunfilecheck Info: File `PrincipalTFG.out' has not changed.
(rerunfilecheck)             Checksum: 9D34305357DE78E7958D6464ECACB966;279.
Package logreq Info: Writing requests to 'PrincipalTFG.run.xml'.
\openout1 = `PrincipalTFG.run.xml'.

 ) 
Here is how much of TeX's memory you used:
 36142 strings out of 492484
 657248 string characters out of 3120696
 1184511 words of memory out of 3000000
 39776 multiletter control sequences out of 15000+200000
 95651 words of font info for 87 fonts, out of 3000000 for 9000
 1141 hyphenation exceptions out of 8191
 68i,9n,96p,1159b,2030s stack positions out of 5000i,500n,10000p,200000b,50000s
{C:/Users/RubenMa/AppData/Local/Programs/MiKTeX 2.9/fonts/enc/dvips/libertine
/lbtn_25tcsq.enc}{C:/Users/RubenMa/AppData/Local/Programs/MiKTeX 2.9/fonts/enc/
dvips/libertine/lbtn_7grukw.enc}{C:/Users/RubenMa/AppData/Local/Programs/MiKTeX
 2.9/fonts/enc/dvips/libertine/lbtn_ncsllp.enc}{C:/Users/RubenMa/AppData/Local/
Programs/MiKTeX 2.9/fonts/enc/dvips/libertine/lbtn_76gpa5.enc}{C:/Users/RubenMa
/AppData/Local/Programs/MiKTeX 2.9/fonts/enc/dvips/libertine/lbtn_nh77jq.enc}<C
:/Users/RubenMa/AppData/Local/Programs/MiKTeX 2.9/fonts/type1/public/libertine/
LinBiolinumTB.pfb><C:/Users/RubenMa/AppData/Local/Programs/MiKTeX 2.9/fonts/typ
e1/public/libertine/LinLibertineT.pfb><C:/Users/RubenMa/AppData/Local/Programs/
MiKTeX 2.9/fonts/type1/public/libertine/LinLibertineTB.pfb><C:/Users/RubenMa/Ap
pData/Local/Programs/MiKTeX 2.9/fonts/type1/public/libertine/LinLibertineTI.pfb
>
Output written on PrincipalTFG.pdf (11 pages, 526075 bytes).
PDF statistics:
 298 PDF objects out of 1000 (max. 8388607)
 15 named destinations out of 1000 (max. 500000)
 26786 words of extra memory for PDF output out of 29859 (max. 10000000)

